redb baseline/optimized comparison
runs: 7
machine: Linux 6.8.0-124-generic x86_64 GNU/Linux
online CPU count: 8
effective CPU list: 0-7
effective CPU count: 8
timing clock: clock_gettime(CLOCK_MONOTONIC)
timing clock sha256: 3602256bd0c322a08d05533759ce3cc9d9ea3d4bbc84c619bef860d43267fec9
comparison runner sha256: 740d6d15ea146838b7eb0b545d06b5e6be20529b471f567e037cb6c29491ee6f
provenance manifest sha256: 3b169512478c010aa0c7e122a7ab6ea64baaf58999430b32ecce9905db029318
provenance manifest_format: aco-benchmark-provenance-v1
provenance build_environment_id: 857daf7a274f92fd8270b010e8856b4d1ea32c2e0fd3e1d9c012a9f3d623dab1
provenance rust_image: docker.io/library/rust:1.97.1-bookworm@sha256:77fac8b98f9f46062bb680b6d25d5bcaabfc400143952ebc572e924bcbedc3fa
provenance debian_snapshot: 20260713T000000Z
provenance rust_version: 1.97.1
provenance rust_commit: 8bab26f4f68e0e26f0bb7960be334d5b520ea452
provenance compiler_manifest_format: aco-compiler-artifacts-v1
provenance compiler_build_id: 98420cc36b8a361c9b8a87fea40f3181154d9aa08304ec6582b69ddf647189de
provenance compiler_artifact_id: 9f63729ea6e7aa6b3bf3970d070dabd9f547ff76696dc167f33ec0dc8fe86439
provenance rustc_sha256: 5a99d07a36bec5bbc41a55321ac7bcb3dcb9f926af240f8af45fc259ceae650f
provenance rustc_driver_set_sha256: c54132cd7dab486063affb72285c2ad6bf4d7e79fcd6bdd548827364da43ffc6
provenance llvm_library_set_sha256: ce5e29b0bc43793e26e116c9a8ae1860e80191544738cd70dc2f81e4bf7159e8
provenance compiler_sysroot_sha256: 0c46276fda85c317ee64cbd2b99a96be28b9d9117f9c7ba3d9ef6cd65709db20
provenance optimizer_pipeline: aco-passes
provenance optimizer_plugin_sha256: f0e354f0a7bf976d6a395ca0fc5b07ee15265bd0339ef25d74454fef303e5e50
provenance optimizer_wrapper_sha256: e63ee5b632b33b1116f471bf504555e41e94cfc3b07c39401f971e9a86be0d89
provenance compiler_variant_wrapper_sha256: 936c00d57915ed8deb5f0ee0aa5cc56351085b7def43137dc0cdefc89c234e32
provenance cargo_version: cargo 1.97.1 (c980f4866 2026-06-30)
provenance cargo_sha256: 4acc9acc76d5079515b46346a485974457b5a79893cfb01112423c89aeb5aa10
provenance monotonic_clock: clock_gettime(CLOCK_MONOTONIC)
provenance monotonic_clock_sha256: 3602256bd0c322a08d05533759ce3cc9d9ea3d4bbc84c619bef860d43267fec9
provenance comparison_runner_sha256: 740d6d15ea146838b7eb0b545d06b5e6be20529b471f567e037cb6c29491ee6f
provenance redb_version: 4.1.0
provenance redb_commit: 6ed1f981ba4deab0b2adbdd7bccb46ec409b2191
provenance redb_lockfile_sha256: 5ed976a13822f0b0852d6c6801e9eed3966d041381eb5359797626fdc02fe18c
provenance baseline_benchmark_sha256: 40bf2eb5690962e64dc3e7b42313d69b857b6ffab154b136c81524e06c0f3756
provenance optimized_benchmark_sha256: 043b5f714ddb01c6474e1fe59870034bdf5bebd21341ad9e685fb92b9c44f628
baseline sha256: 40bf2eb5690962e64dc3e7b42313d69b857b6ffab154b136c81524e06c0f3756
optimized sha256: 043b5f714ddb01c6474e1fe59870034bdf5bebd21341ad9e685fb92b9c44f628

[round 1/7] baseline (custom passes disabled)
[baseline] redb: Bulk loaded 5000000 items in 13566ms
[baseline] redb: Wrote 1000 individual items in 44ms
[baseline] redb: Wrote 100 batches of 1000 items in 1552ms
[baseline] redb: Wrote 50000 individual items in 3435ms, with nosync
[baseline] redb: len() in 0ms
[baseline] redb: Random read 1000000 items in 1603ms
[baseline] redb: Random read 1000000 items in 1524ms
[baseline] redb: Random range read 500000 x 10 elements in 1587ms
[baseline] redb: Random range read 500000 x 10 elements in 1598ms
[baseline] redb: Random read (4 threads) 5151000 items in 2023ms
[baseline] redb: Random read (8 threads) 5151000 items in 1145ms
[baseline] redb: Random read (16 threads) 5151000 items in 1182ms
[baseline] redb: Random read (32 threads) 5151000 items in 1156ms
[baseline] redb: Removed 2575500 items in 11045ms
[baseline] redb: Compacted in 3731ms

[round 1/7] optimized (custom passes enabled)
[optimized] redb: Bulk loaded 5000000 items in 13764ms
[optimized] redb: Wrote 1000 individual items in 44ms
[optimized] redb: Wrote 100 batches of 1000 items in 1508ms
[optimized] redb: Wrote 50000 individual items in 3362ms, with nosync
[optimized] redb: len() in 0ms
[optimized] redb: Random read 1000000 items in 1564ms
[optimized] redb: Random read 1000000 items in 1549ms
[optimized] redb: Random range read 500000 x 10 elements in 1559ms
[optimized] redb: Random range read 500000 x 10 elements in 1598ms
[optimized] redb: Random read (4 threads) 5151000 items in 2060ms
[optimized] redb: Random read (8 threads) 5151000 items in 1127ms
[optimized] redb: Random read (16 threads) 5151000 items in 1194ms
[optimized] redb: Random read (32 threads) 5151000 items in 1132ms
[optimized] redb: Removed 2575500 items in 9723ms
[optimized] redb: Compacted in 3748ms

[round 2/7] optimized (custom passes enabled)
[optimized] redb: Bulk loaded 5000000 items in 13658ms
[optimized] redb: Wrote 1000 individual items in 44ms
[optimized] redb: Wrote 100 batches of 1000 items in 1475ms
[optimized] redb: Wrote 50000 individual items in 3379ms, with nosync
[optimized] redb: len() in 0ms
[optimized] redb: Random read 1000000 items in 1524ms
[optimized] redb: Random read 1000000 items in 1548ms
[optimized] redb: Random range read 500000 x 10 elements in 1563ms
[optimized] redb: Random range read 500000 x 10 elements in 1545ms
[optimized] redb: Random read (4 threads) 5151000 items in 1999ms
[optimized] redb: Random read (8 threads) 5151000 items in 1151ms
[optimized] redb: Random read (16 threads) 5151000 items in 1144ms
[optimized] redb: Random read (32 threads) 5151000 items in 1134ms
[optimized] redb: Removed 2575500 items in 9325ms
[optimized] redb: Compacted in 3602ms

[round 2/7] baseline (custom passes disabled)
[baseline] redb: Bulk loaded 5000000 items in 13951ms
[baseline] redb: Wrote 1000 individual items in 45ms
[baseline] redb: Wrote 100 batches of 1000 items in 1515ms
[baseline] redb: Wrote 50000 individual items in 3440ms, with nosync
[baseline] redb: len() in 0ms
[baseline] redb: Random read 1000000 items in 1540ms
[baseline] redb: Random read 1000000 items in 1552ms
[baseline] redb: Random range read 500000 x 10 elements in 1594ms
[baseline] redb: Random range read 500000 x 10 elements in 1635ms
[baseline] redb: Random read (4 threads) 5151000 items in 2124ms
[baseline] redb: Random read (8 threads) 5151000 items in 1126ms
[baseline] redb: Random read (16 threads) 5151000 items in 1165ms
[baseline] redb: Random read (32 threads) 5151000 items in 1160ms
[baseline] redb: Removed 2575500 items in 9703ms
[baseline] redb: Compacted in 3696ms

[round 3/7] baseline (custom passes disabled)
[baseline] redb: Bulk loaded 5000000 items in 13883ms
[baseline] redb: Wrote 1000 individual items in 45ms
[baseline] redb: Wrote 100 batches of 1000 items in 1507ms
[baseline] redb: Wrote 50000 individual items in 3420ms, with nosync
[baseline] redb: len() in 0ms
[baseline] redb: Random read 1000000 items in 1569ms
[baseline] redb: Random read 1000000 items in 1607ms
[baseline] redb: Random range read 500000 x 10 elements in 1565ms
[baseline] redb: Random range read 500000 x 10 elements in 1647ms
[baseline] redb: Random read (4 threads) 5151000 items in 2039ms
[baseline] redb: Random read (8 threads) 5151000 items in 1174ms
[baseline] redb: Random read (16 threads) 5151000 items in 1164ms
[baseline] redb: Random read (32 threads) 5151000 items in 1165ms
[baseline] redb: Removed 2575500 items in 9607ms
[baseline] redb: Compacted in 3663ms

[round 3/7] optimized (custom passes enabled)
[optimized] redb: Bulk loaded 5000000 items in 13542ms
[optimized] redb: Wrote 1000 individual items in 44ms
[optimized] redb: Wrote 100 batches of 1000 items in 1476ms
[optimized] redb: Wrote 50000 individual items in 3395ms, with nosync
[optimized] redb: len() in 0ms
[optimized] redb: Random read 1000000 items in 1528ms
[optimized] redb: Random read 1000000 items in 1610ms
[optimized] redb: Random range read 500000 x 10 elements in 1588ms
[optimized] redb: Random range read 500000 x 10 elements in 1567ms
[optimized] redb: Random read (4 threads) 5151000 items in 1994ms
[optimized] redb: Random read (8 threads) 5151000 items in 1120ms
[optimized] redb: Random read (16 threads) 5151000 items in 1320ms
[optimized] redb: Random read (32 threads) 5151000 items in 1125ms
[optimized] redb: Removed 2575500 items in 9661ms
[optimized] redb: Compacted in 3673ms

[round 4/7] optimized (custom passes enabled)
[optimized] redb: Bulk loaded 5000000 items in 13631ms
[optimized] redb: Wrote 1000 individual items in 45ms
[optimized] redb: Wrote 100 batches of 1000 items in 1500ms
[optimized] redb: Wrote 50000 individual items in 3442ms, with nosync
[optimized] redb: len() in 0ms
[optimized] redb: Random read 1000000 items in 1541ms
[optimized] redb: Random read 1000000 items in 1492ms
[optimized] redb: Random range read 500000 x 10 elements in 1552ms
[optimized] redb: Random range read 500000 x 10 elements in 1534ms
[optimized] redb: Random read (4 threads) 5151000 items in 2003ms
[optimized] redb: Random read (8 threads) 5151000 items in 1132ms
[optimized] redb: Random read (16 threads) 5151000 items in 1142ms
[optimized] redb: Random read (32 threads) 5151000 items in 1202ms
[optimized] redb: Removed 2575500 items in 9706ms
[optimized] redb: Compacted in 3644ms

[round 4/7] baseline (custom passes disabled)
[baseline] redb: Bulk loaded 5000000 items in 13563ms
[baseline] redb: Wrote 1000 individual items in 44ms
[baseline] redb: Wrote 100 batches of 1000 items in 1466ms
[baseline] redb: Wrote 50000 individual items in 3391ms, with nosync
[baseline] redb: len() in 0ms
[baseline] redb: Random read 1000000 items in 1539ms
[baseline] redb: Random read 1000000 items in 1629ms
[baseline] redb: Random range read 500000 x 10 elements in 1583ms
[baseline] redb: Random range read 500000 x 10 elements in 1577ms
[baseline] redb: Random read (4 threads) 5151000 items in 2003ms
[baseline] redb: Random read (8 threads) 5151000 items in 1134ms
[baseline] redb: Random read (16 threads) 5151000 items in 1182ms
[baseline] redb: Random read (32 threads) 5151000 items in 1153ms
[baseline] redb: Removed 2575500 items in 9575ms
[baseline] redb: Compacted in 3601ms

[round 5/7] baseline (custom passes disabled)
[baseline] redb: Bulk loaded 5000000 items in 14314ms
[baseline] redb: Wrote 1000 individual items in 45ms
[baseline] redb: Wrote 100 batches of 1000 items in 1534ms
[baseline] redb: Wrote 50000 individual items in 3510ms, with nosync
[baseline] redb: len() in 0ms
[baseline] redb: Random read 1000000 items in 1609ms
[baseline] redb: Random read 1000000 items in 1582ms
[baseline] redb: Random range read 500000 x 10 elements in 1643ms
[baseline] redb: Random range read 500000 x 10 elements in 1666ms
[baseline] redb: Random read (4 threads) 5151000 items in 2024ms
[baseline] redb: Random read (8 threads) 5151000 items in 1166ms
[baseline] redb: Random read (16 threads) 5151000 items in 1204ms
[baseline] redb: Random read (32 threads) 5151000 items in 1146ms
[baseline] redb: Removed 2575500 items in 9608ms
[baseline] redb: Compacted in 3654ms

[round 5/7] optimized (custom passes enabled)
[optimized] redb: Bulk loaded 5000000 items in 13367ms
[optimized] redb: Wrote 1000 individual items in 44ms
[optimized] redb: Wrote 100 batches of 1000 items in 1550ms
[optimized] redb: Wrote 50000 individual items in 3402ms, with nosync
[optimized] redb: len() in 0ms
[optimized] redb: Random read 1000000 items in 1509ms
[optimized] redb: Random read 1000000 items in 1475ms
[optimized] redb: Random range read 500000 x 10 elements in 1566ms
[optimized] redb: Random range read 500000 x 10 elements in 1529ms
[optimized] redb: Random read (4 threads) 5151000 items in 1987ms
[optimized] redb: Random read (8 threads) 5151000 items in 1111ms
[optimized] redb: Random read (16 threads) 5151000 items in 1161ms
[optimized] redb: Random read (32 threads) 5151000 items in 1145ms
[optimized] redb: Removed 2575500 items in 9514ms
[optimized] redb: Compacted in 3634ms

[round 6/7] optimized (custom passes enabled)
[optimized] redb: Bulk loaded 5000000 items in 13461ms
[optimized] redb: Wrote 1000 individual items in 45ms
[optimized] redb: Wrote 100 batches of 1000 items in 1495ms
[optimized] redb: Wrote 50000 individual items in 3428ms, with nosync
[optimized] redb: len() in 0ms
[optimized] redb: Random read 1000000 items in 1501ms
[optimized] redb: Random read 1000000 items in 1569ms
[optimized] redb: Random range read 500000 x 10 elements in 1545ms
[optimized] redb: Random range read 500000 x 10 elements in 1564ms
[optimized] redb: Random read (4 threads) 5151000 items in 2021ms
[optimized] redb: Random read (8 threads) 5151000 items in 1129ms
[optimized] redb: Random read (16 threads) 5151000 items in 1186ms
[optimized] redb: Random read (32 threads) 5151000 items in 1130ms
[optimized] redb: Removed 2575500 items in 9418ms
[optimized] redb: Compacted in 3615ms

[round 6/7] baseline (custom passes disabled)
[baseline] redb: Bulk loaded 5000000 items in 13454ms
[baseline] redb: Wrote 1000 individual items in 44ms
[baseline] redb: Wrote 100 batches of 1000 items in 1469ms
[baseline] redb: Wrote 50000 individual items in 3389ms, with nosync
[baseline] redb: len() in 0ms
[baseline] redb: Random read 1000000 items in 1545ms
[baseline] redb: Random read 1000000 items in 1505ms
[baseline] redb: Random range read 500000 x 10 elements in 1589ms
[baseline] redb: Random range read 500000 x 10 elements in 1567ms
[baseline] redb: Random read (4 threads) 5151000 items in 2027ms
[baseline] redb: Random read (8 threads) 5151000 items in 1154ms
[baseline] redb: Random read (16 threads) 5151000 items in 1164ms
[baseline] redb: Random read (32 threads) 5151000 items in 1159ms
[baseline] redb: Removed 2575500 items in 9639ms
[baseline] redb: Compacted in 3608ms

[round 7/7] baseline (custom passes disabled)
[baseline] redb: Bulk loaded 5000000 items in 13533ms
[baseline] redb: Wrote 1000 individual items in 44ms
[baseline] redb: Wrote 100 batches of 1000 items in 1540ms
[baseline] redb: Wrote 50000 individual items in 3373ms, with nosync
[baseline] redb: len() in 0ms
[baseline] redb: Random read 1000000 items in 1507ms
[baseline] redb: Random read 1000000 items in 1563ms
[baseline] redb: Random range read 500000 x 10 elements in 1603ms
[baseline] redb: Random range read 500000 x 10 elements in 1584ms
[baseline] redb: Random read (4 threads) 5151000 items in 2006ms
[baseline] redb: Random read (8 threads) 5151000 items in 1175ms
[baseline] redb: Random read (16 threads) 5151000 items in 1186ms
[baseline] redb: Random read (32 threads) 5151000 items in 1140ms
[baseline] redb: Removed 2575500 items in 9537ms
[baseline] redb: Compacted in 3658ms

[round 7/7] optimized (custom passes enabled)
[optimized] redb: Bulk loaded 5000000 items in 13940ms
[optimized] redb: Wrote 1000 individual items in 45ms
[optimized] redb: Wrote 100 batches of 1000 items in 1515ms
[optimized] redb: Wrote 50000 individual items in 3415ms, with nosync
[optimized] redb: len() in 0ms
[optimized] redb: Random read 1000000 items in 1539ms
[optimized] redb: Random read 1000000 items in 1486ms
[optimized] redb: Random range read 500000 x 10 elements in 1561ms
[optimized] redb: Random range read 500000 x 10 elements in 1574ms
[optimized] redb: Random read (4 threads) 5151000 items in 1978ms
[optimized] redb: Random read (8 threads) 5151000 items in 1116ms
[optimized] redb: Random read (16 threads) 5151000 items in 1149ms
[optimized] redb: Random read (32 threads) 5151000 items in 1142ms
[optimized] redb: Removed 2575500 items in 9520ms
[optimized] redb: Compacted in 3620ms

round	baseline_s	optimized_s	optimized_speedup_percent
1	51.520	50.390	+2.24%
2	50.585	49.396	+2.41%
3	50.519	49.947	+1.15%
4	49.808	50.006	-0.40%
5	51.015	49.286	+3.51%
6	49.610	49.563	+0.10%
7	49.957	49.843	+0.23%
mean	50.431	49.776	+1.32%
raw results: /results/total-times.tsv
