redb baseline/add-scmp-switch-to-key-comparisons comparison
candidate mode: add-scmp-switch-to-key-comparisons
runs: 7
machine: Linux 6.8.0-124-generic x86_64 GNU/Linux
CPU vendor: AuthenticAMD
CPU model: AMD EPYC-Milan Processor
online CPU count: 8
effective CPU list: 0-7
effective CPU count: 8
timing clock: clock_gettime(CLOCK_MONOTONIC)
timing clock sha256: 3602256bd0c322a08d05533759ce3cc9d9ea3d4bbc84c619bef860d43267fec9
comparison runner sha256: e2e90a351e14193f42e934f550350b6b796dbd0da15db91a227f2c10786dd20e
provenance manifest sha256: 50c91b78fefffd4bcba6ef65b4b0ee7b3d2f0984402d94602ae2a4d3a9f84fe9
provenance manifest_format: aco-benchmark-provenance-v2
provenance build_environment_id: 857daf7a274f92fd8270b010e8856b4d1ea32c2e0fd3e1d9c012a9f3d623dab1
provenance rust_image: docker.io/library/rust:1.97.1-bookworm@sha256:77fac8b98f9f46062bb680b6d25d5bcaabfc400143952ebc572e924bcbedc3fa
provenance debian_snapshot: 20260713T000000Z
provenance rust_version: 1.97.1
provenance rust_commit: 8bab26f4f68e0e26f0bb7960be334d5b520ea452
provenance compiler_manifest_format: aco-compiler-artifacts-v1
provenance compiler_build_id: 98420cc36b8a361c9b8a87fea40f3181154d9aa08304ec6582b69ddf647189de
provenance compiler_artifact_id: fbe353cca5525bf7a95e1c37e28f29169d3f58b23ef1fc740917ba958bab862c
provenance rustc_sha256: 5a99d07a36bec5bbc41a55321ac7bcb3dcb9f926af240f8af45fc259ceae650f
provenance rustc_driver_set_sha256: c54132cd7dab486063affb72285c2ad6bf4d7e79fcd6bdd548827364da43ffc6
provenance llvm_library_set_sha256: ce5e29b0bc43793e26e116c9a8ae1860e80191544738cd70dc2f81e4bf7159e8
provenance compiler_sysroot_sha256: 0c46276fda85c317ee64cbd2b99a96be28b9d9117f9c7ba3d9ef6cd65709db20
provenance benchmark_candidate_variant: optimized
provenance optimizer_pipeline: aco-passes
provenance comparison_reference_variant: key-comparisons
provenance optimizer_plugin_sha256: 8e816d27461b435ec56e9ade331e234443831918b5ed9bbc3cb3d8b67e363a23
provenance optimizer_wrapper_sha256: 5cdf5b6fdb09aeb805ad6c1aa49479232cc943b919a7bafbbc39908f1e057c7d
provenance compiler_variant_wrapper_sha256: f3ff855a7f219492ceb4bddb1322caada97020f4465fecbd6f3b9750f5b87c82
provenance cargo_version: cargo 1.97.1 (c980f4866 2026-06-30)
provenance cargo_sha256: 828980723df339d62434390e9fb8ef8831036583343ae2316b7ab5646b5c1953
provenance cargo_proxy_sha256: 4acc9acc76d5079515b46346a485974457b5a79893cfb01112423c89aeb5aa10
provenance monotonic_clock: clock_gettime(CLOCK_MONOTONIC)
provenance monotonic_clock_sha256: 3602256bd0c322a08d05533759ce3cc9d9ea3d4bbc84c619bef860d43267fec9
provenance comparison_runner_sha256: e2e90a351e14193f42e934f550350b6b796dbd0da15db91a227f2c10786dd20e
provenance benchmark_mode_selector_sha256: 5d71b0ce7776033cc5ed9847ab7e32bafd9967237df739c2c316ae4087bd16f9
provenance build_metrics_sha256: f4e0c746f49dfddd15174694be64f2a51f04697e3542aca73235803f108b665a
provenance redb_version: 4.1.0
provenance redb_commit: 6ed1f981ba4deab0b2adbdd7bccb46ec409b2191
provenance redb_lockfile_sha256: 5ed976a13822f0b0852d6c6801e9eed3966d041381eb5359797626fdc02fe18c
provenance baseline_benchmark_sha256: b7d9caae1d613910ccf225e8253a889bfef24921cd76a5e3df7ee0434a19f30f
provenance baseline_benchmark_size_bytes: 59770096
provenance optimized_benchmark_sha256: bed73dd459949c5f7b5b68b37b053b83f67c9d63983bd9dd87f20fd834e0b37b
provenance optimized_benchmark_size_bytes: 59768840
baseline sha256: b7d9caae1d613910ccf225e8253a889bfef24921cd76a5e3df7ee0434a19f30f
optimized sha256: bed73dd459949c5f7b5b68b37b053b83f67c9d63983bd9dd87f20fd834e0b37b

[round 1/7] baseline (custom passes disabled)
[baseline] redb: Bulk loaded 5000000 items in 15100ms
[baseline] redb: Wrote 1000 individual items in 48ms
[baseline] redb: Wrote 100 batches of 1000 items in 1606ms
[baseline] redb: Wrote 50000 individual items in 3654ms, with nosync
[baseline] redb: len() in 0ms
[baseline] redb: Random read 1000000 items in 1680ms
[baseline] redb: Random read 1000000 items in 1654ms
[baseline] redb: Random range read 500000 x 10 elements in 1709ms
[baseline] redb: Random range read 500000 x 10 elements in 1690ms
[baseline] redb: Random read (4 threads) 5151000 items in 2159ms
[baseline] redb: Random read (8 threads) 5151000 items in 1205ms
[baseline] redb: Random read (16 threads) 5151000 items in 1272ms
[baseline] redb: Random read (32 threads) 5151000 items in 1239ms
[baseline] redb: Removed 2575500 items in 10214ms
[baseline] redb: Compacted in 3872ms

[round 1/7] optimized (custom passes enabled)
[optimized] redb: Bulk loaded 5000000 items in 14261ms
[optimized] redb: Wrote 1000 individual items in 51ms
[optimized] redb: Wrote 100 batches of 1000 items in 1602ms
[optimized] redb: Wrote 50000 individual items in 3578ms, with nosync
[optimized] redb: len() in 0ms
[optimized] redb: Random read 1000000 items in 1630ms
[optimized] redb: Random read 1000000 items in 1758ms
[optimized] redb: Random range read 500000 x 10 elements in 1672ms
[optimized] redb: Random range read 500000 x 10 elements in 1686ms
[optimized] redb: Random read (4 threads) 5151000 items in 2128ms
[optimized] redb: Random read (8 threads) 5151000 items in 1196ms
[optimized] redb: Random read (16 threads) 5151000 items in 1264ms
[optimized] redb: Random read (32 threads) 5151000 items in 1201ms
[optimized] redb: Removed 2575500 items in 9816ms
[optimized] redb: Compacted in 3750ms

[round 2/7] optimized (custom passes enabled)
[optimized] redb: Bulk loaded 5000000 items in 14238ms
[optimized] redb: Wrote 1000 individual items in 46ms
[optimized] redb: Wrote 100 batches of 1000 items in 1546ms
[optimized] redb: Wrote 50000 individual items in 3417ms, with nosync
[optimized] redb: len() in 0ms
[optimized] redb: Random read 1000000 items in 1646ms
[optimized] redb: Random read 1000000 items in 1547ms
[optimized] redb: Random range read 500000 x 10 elements in 1627ms
[optimized] redb: Random range read 500000 x 10 elements in 1655ms
[optimized] redb: Random read (4 threads) 5151000 items in 2070ms
[optimized] redb: Random read (8 threads) 5151000 items in 1190ms
[optimized] redb: Random read (16 threads) 5151000 items in 1199ms
[optimized] redb: Random read (32 threads) 5151000 items in 1154ms
[optimized] redb: Removed 2575500 items in 9796ms
[optimized] redb: Compacted in 3721ms

[round 2/7] baseline (custom passes disabled)
[baseline] redb: Bulk loaded 5000000 items in 13982ms
[baseline] redb: Wrote 1000 individual items in 45ms
[baseline] redb: Wrote 100 batches of 1000 items in 1577ms
[baseline] redb: Wrote 50000 individual items in 3492ms, with nosync
[baseline] redb: len() in 0ms
[baseline] redb: Random read 1000000 items in 1676ms
[baseline] redb: Random read 1000000 items in 1619ms
[baseline] redb: Random range read 500000 x 10 elements in 1654ms
[baseline] redb: Random range read 500000 x 10 elements in 1655ms
[baseline] redb: Random read (4 threads) 5151000 items in 2066ms
[baseline] redb: Random read (8 threads) 5151000 items in 1384ms
[baseline] redb: Random read (16 threads) 5151000 items in 1228ms
[baseline] redb: Random read (32 threads) 5151000 items in 1178ms
[baseline] redb: Removed 2575500 items in 9717ms
[baseline] redb: Compacted in 3761ms

[round 3/7] baseline (custom passes disabled)
[baseline] redb: Bulk loaded 5000000 items in 13975ms
[baseline] redb: Wrote 1000 individual items in 45ms
[baseline] redb: Wrote 100 batches of 1000 items in 1488ms
[baseline] redb: Wrote 50000 individual items in 3444ms, with nosync
[baseline] redb: len() in 0ms
[baseline] redb: Random read 1000000 items in 1623ms
[baseline] redb: Random read 1000000 items in 1578ms
[baseline] redb: Random range read 500000 x 10 elements in 1652ms
[baseline] redb: Random range read 500000 x 10 elements in 1608ms
[baseline] redb: Random read (4 threads) 5151000 items in 2088ms
[baseline] redb: Random read (8 threads) 5151000 items in 1175ms
[baseline] redb: Random read (16 threads) 5151000 items in 1359ms
[baseline] redb: Random read (32 threads) 5151000 items in 1190ms
[baseline] redb: Removed 2575500 items in 10043ms
[baseline] redb: Compacted in 3725ms

[round 3/7] optimized (custom passes enabled)
[optimized] redb: Bulk loaded 5000000 items in 13977ms
[optimized] redb: Wrote 1000 individual items in 45ms
[optimized] redb: Wrote 100 batches of 1000 items in 1504ms
[optimized] redb: Wrote 50000 individual items in 3429ms, with nosync
[optimized] redb: len() in 0ms
[optimized] redb: Random read 1000000 items in 1625ms
[optimized] redb: Random read 1000000 items in 1603ms
[optimized] redb: Random range read 500000 x 10 elements in 1696ms
[optimized] redb: Random range read 500000 x 10 elements in 1668ms
[optimized] redb: Random read (4 threads) 5151000 items in 2130ms
[optimized] redb: Random read (8 threads) 5151000 items in 1194ms
[optimized] redb: Random read (16 threads) 5151000 items in 1184ms
[optimized] redb: Random read (32 threads) 5151000 items in 1174ms
[optimized] redb: Removed 2575500 items in 9788ms
[optimized] redb: Compacted in 3717ms

[round 4/7] optimized (custom passes enabled)
[optimized] redb: Bulk loaded 5000000 items in 14022ms
[optimized] redb: Wrote 1000 individual items in 45ms
[optimized] redb: Wrote 100 batches of 1000 items in 1520ms
[optimized] redb: Wrote 50000 individual items in 3473ms, with nosync
[optimized] redb: len() in 0ms
[optimized] redb: Random read 1000000 items in 1582ms
[optimized] redb: Random read 1000000 items in 1569ms
[optimized] redb: Random range read 500000 x 10 elements in 1665ms
[optimized] redb: Random range read 500000 x 10 elements in 1670ms
[optimized] redb: Random read (4 threads) 5151000 items in 2198ms
[optimized] redb: Random read (8 threads) 5151000 items in 1179ms
[optimized] redb: Random read (16 threads) 5151000 items in 1203ms
[optimized] redb: Random read (32 threads) 5151000 items in 1173ms
[optimized] redb: Removed 2575500 items in 9804ms
[optimized] redb: Compacted in 3779ms

[round 4/7] baseline (custom passes disabled)
[baseline] redb: Bulk loaded 5000000 items in 14141ms
[baseline] redb: Wrote 1000 individual items in 45ms
[baseline] redb: Wrote 100 batches of 1000 items in 1587ms
[baseline] redb: Wrote 50000 individual items in 3462ms, with nosync
[baseline] redb: len() in 0ms
[baseline] redb: Random read 1000000 items in 1647ms
[baseline] redb: Random read 1000000 items in 1608ms
[baseline] redb: Random range read 500000 x 10 elements in 1618ms
[baseline] redb: Random range read 500000 x 10 elements in 1660ms
[baseline] redb: Random read (4 threads) 5151000 items in 2089ms
[baseline] redb: Random read (8 threads) 5151000 items in 1193ms
[baseline] redb: Random read (16 threads) 5151000 items in 1405ms
[baseline] redb: Random read (32 threads) 5151000 items in 1351ms
[baseline] redb: Removed 2575500 items in 10030ms
[baseline] redb: Compacted in 3776ms

[round 5/7] baseline (custom passes disabled)
[baseline] redb: Bulk loaded 5000000 items in 14026ms
[baseline] redb: Wrote 1000 individual items in 44ms
[baseline] redb: Wrote 100 batches of 1000 items in 1559ms
[baseline] redb: Wrote 50000 individual items in 3459ms, with nosync
[baseline] redb: len() in 0ms
[baseline] redb: Random read 1000000 items in 1606ms
[baseline] redb: Random read 1000000 items in 1802ms
[baseline] redb: Random range read 500000 x 10 elements in 1598ms
[baseline] redb: Random range read 500000 x 10 elements in 1660ms
[baseline] redb: Random read (4 threads) 5151000 items in 2068ms
[baseline] redb: Random read (8 threads) 5151000 items in 1190ms
[baseline] redb: Random read (16 threads) 5151000 items in 1194ms
[baseline] redb: Random read (32 threads) 5151000 items in 1198ms
[baseline] redb: Removed 2575500 items in 9874ms
[baseline] redb: Compacted in 3832ms

[round 5/7] optimized (custom passes enabled)
[optimized] redb: Bulk loaded 5000000 items in 13923ms
[optimized] redb: Wrote 1000 individual items in 45ms
[optimized] redb: Wrote 100 batches of 1000 items in 1561ms
[optimized] redb: Wrote 50000 individual items in 3436ms, with nosync
[optimized] redb: len() in 0ms
[optimized] redb: Random read 1000000 items in 1555ms
[optimized] redb: Random read 1000000 items in 1580ms
[optimized] redb: Random range read 500000 x 10 elements in 1582ms
[optimized] redb: Random range read 500000 x 10 elements in 1578ms
[optimized] redb: Random read (4 threads) 5151000 items in 2106ms
[optimized] redb: Random read (8 threads) 5151000 items in 1354ms
[optimized] redb: Random read (16 threads) 5151000 items in 1214ms
[optimized] redb: Random read (32 threads) 5151000 items in 1138ms
[optimized] redb: Removed 2575500 items in 9527ms
[optimized] redb: Compacted in 3686ms

[round 6/7] optimized (custom passes enabled)
[optimized] redb: Bulk loaded 5000000 items in 13833ms
[optimized] redb: Wrote 1000 individual items in 45ms
[optimized] redb: Wrote 100 batches of 1000 items in 1502ms
[optimized] redb: Wrote 50000 individual items in 3463ms, with nosync
[optimized] redb: len() in 0ms
[optimized] redb: Random read 1000000 items in 1594ms
[optimized] redb: Random read 1000000 items in 1569ms
[optimized] redb: Random range read 500000 x 10 elements in 1643ms
[optimized] redb: Random range read 500000 x 10 elements in 1643ms
[optimized] redb: Random read (4 threads) 5151000 items in 2060ms
[optimized] redb: Random read (8 threads) 5151000 items in 1149ms
[optimized] redb: Random read (16 threads) 5151000 items in 1170ms
[optimized] redb: Random read (32 threads) 5151000 items in 1167ms
[optimized] redb: Removed 2575500 items in 9699ms
[optimized] redb: Compacted in 3777ms

[round 6/7] baseline (custom passes disabled)
[baseline] redb: Bulk loaded 5000000 items in 13880ms
[baseline] redb: Wrote 1000 individual items in 45ms
[baseline] redb: Wrote 100 batches of 1000 items in 1544ms
[baseline] redb: Wrote 50000 individual items in 3487ms, with nosync
[baseline] redb: len() in 0ms
[baseline] redb: Random read 1000000 items in 1646ms
[baseline] redb: Random read 1000000 items in 1596ms
[baseline] redb: Random range read 500000 x 10 elements in 1627ms
[baseline] redb: Random range read 500000 x 10 elements in 1627ms
[baseline] redb: Random read (4 threads) 5151000 items in 2064ms
[baseline] redb: Random read (8 threads) 5151000 items in 1177ms
[baseline] redb: Random read (16 threads) 5151000 items in 1288ms
[baseline] redb: Random read (32 threads) 5151000 items in 1189ms
[baseline] redb: Removed 2575500 items in 9781ms
[baseline] redb: Compacted in 3709ms

[round 7/7] baseline (custom passes disabled)
[baseline] redb: Bulk loaded 5000000 items in 14025ms
[baseline] redb: Wrote 1000 individual items in 48ms
[baseline] redb: Wrote 100 batches of 1000 items in 1601ms
[baseline] redb: Wrote 50000 individual items in 3488ms, with nosync
[baseline] redb: len() in 0ms
[baseline] redb: Random read 1000000 items in 1596ms
[baseline] redb: Random read 1000000 items in 1638ms
[baseline] redb: Random range read 500000 x 10 elements in 1629ms
[baseline] redb: Random range read 500000 x 10 elements in 1697ms
[baseline] redb: Random read (4 threads) 5151000 items in 2076ms
[baseline] redb: Random read (8 threads) 5151000 items in 1200ms
[baseline] redb: Random read (16 threads) 5151000 items in 1218ms
[baseline] redb: Random read (32 threads) 5151000 items in 1157ms
[baseline] redb: Removed 2575500 items in 10052ms
[baseline] redb: Compacted in 3779ms

[round 7/7] optimized (custom passes enabled)
[optimized] redb: Bulk loaded 5000000 items in 13832ms
[optimized] redb: Wrote 1000 individual items in 45ms
[optimized] redb: Wrote 100 batches of 1000 items in 1507ms
[optimized] redb: Wrote 50000 individual items in 3426ms, with nosync
[optimized] redb: len() in 0ms
[optimized] redb: Random read 1000000 items in 1544ms
[optimized] redb: Random read 1000000 items in 1535ms
[optimized] redb: Random range read 500000 x 10 elements in 1620ms
[optimized] redb: Random range read 500000 x 10 elements in 1623ms
[optimized] redb: Random read (4 threads) 5151000 items in 2170ms
[optimized] redb: Random read (8 threads) 5151000 items in 1148ms
[optimized] redb: Random read (16 threads) 5151000 items in 1152ms
[optimized] redb: Random read (32 threads) 5151000 items in 1142ms
[optimized] redb: Removed 2575500 items in 9591ms
[optimized] redb: Compacted in 3692ms

round	baseline_s	optimized_s	optimized_speedup_percent
1	53.892	52.256	+3.13%
2	51.408	51.457	-0.10%
3	51.442	51.370	+0.14%
4	52.166	51.448	+1.40%
5	51.728	50.724	+1.98%
6	51.030	50.674	+0.70%
7	51.760	50.512	+2.47%
mean	51.918	51.206	+1.39%

phase	occurrence	baseline_mean_ms	optimized_mean_ms	optimized_speedup_percent
Bulk loaded 5000000 items	1	14161.3	14012.3	+1.06%
Wrote 1000 individual items	1	45.7	46.0	-0.62%
Wrote 100 batches of 1000 items	1	1566.0	1534.6	+2.05%
Wrote 50000 individual items	1	3498.0	3460.3	+1.09%
len()	1	0.0	0.0	+0.00%
Random read 1000000 items	1	1639.1	1596.6	+2.67%
Random read 1000000 items	2	1642.1	1594.4	+2.99%
Random range read 500000 x 10 elements	1	1641.0	1643.6	-0.16%
Random range read 500000 x 10 elements	2	1656.7	1646.1	+0.64%
Random read (4 threads) 5151000 items	1	2087.1	2123.1	-1.70%
Random read (8 threads) 5151000 items	1	1217.7	1201.4	+1.36%
Random read (16 threads) 5151000 items	1	1280.6	1198.0	+6.89%
Random read (32 threads) 5151000 items	1	1214.6	1164.1	+4.33%
Removed 2575500 items	1	9958.7	9717.3	+2.48%
Compacted	1	3779.1	3731.7	+1.27%
raw results: /results/total-times.tsv
raw phase results: /results/phases.tsv
