redb baseline/midpoint comparison
candidate mode: midpoint
runs: 7
machine: Linux 6.8.0-124-generic x86_64 GNU/Linux
CPU vendor: AuthenticAMD
CPU model: AMD EPYC-Milan Processor
online CPU count: 8
effective CPU list: 0-7
effective CPU count: 8
timing clock: clock_gettime(CLOCK_MONOTONIC)
timing clock sha256: 3602256bd0c322a08d05533759ce3cc9d9ea3d4bbc84c619bef860d43267fec9
comparison runner sha256: 5a430c8f1600d32e42e7aebaf81fc02d1d99464520445fc6091851995a8e1767
provenance manifest sha256: b76390819d25d4b72bb671b1689b5b07ee65f094884060bbefe96e93334f3452
provenance manifest_format: aco-benchmark-provenance-v2
provenance build_environment_id: 857daf7a274f92fd8270b010e8856b4d1ea32c2e0fd3e1d9c012a9f3d623dab1
provenance rust_image: docker.io/library/rust:1.97.1-bookworm@sha256:77fac8b98f9f46062bb680b6d25d5bcaabfc400143952ebc572e924bcbedc3fa
provenance debian_snapshot: 20260713T000000Z
provenance rust_version: 1.97.1
provenance rust_commit: 8bab26f4f68e0e26f0bb7960be334d5b520ea452
provenance compiler_manifest_format: aco-compiler-artifacts-v1
provenance compiler_build_id: 98420cc36b8a361c9b8a87fea40f3181154d9aa08304ec6582b69ddf647189de
provenance compiler_artifact_id: fbe353cca5525bf7a95e1c37e28f29169d3f58b23ef1fc740917ba958bab862c
provenance rustc_sha256: 5a99d07a36bec5bbc41a55321ac7bcb3dcb9f926af240f8af45fc259ceae650f
provenance rustc_driver_set_sha256: c54132cd7dab486063affb72285c2ad6bf4d7e79fcd6bdd548827364da43ffc6
provenance llvm_library_set_sha256: ce5e29b0bc43793e26e116c9a8ae1860e80191544738cd70dc2f81e4bf7159e8
provenance compiler_sysroot_sha256: 0c46276fda85c317ee64cbd2b99a96be28b9d9117f9c7ba3d9ef6cd65709db20
provenance benchmark_candidate_variant: midpoint
provenance optimizer_pipeline: aco-midpoint-only
provenance optimizer_plugin_sha256: f53277f0f54c1847d89c4deb8fc37c0a89a140d7a7f984f0d6c2d8e7df97c0ce
provenance optimizer_wrapper_sha256: 5cdf5b6fdb09aeb805ad6c1aa49479232cc943b919a7bafbbc39908f1e057c7d
provenance compiler_variant_wrapper_sha256: f3ff855a7f219492ceb4bddb1322caada97020f4465fecbd6f3b9750f5b87c82
provenance cargo_version: cargo 1.97.1 (c980f4866 2026-06-30)
provenance cargo_sha256: 828980723df339d62434390e9fb8ef8831036583343ae2316b7ab5646b5c1953
provenance cargo_proxy_sha256: 4acc9acc76d5079515b46346a485974457b5a79893cfb01112423c89aeb5aa10
provenance monotonic_clock: clock_gettime(CLOCK_MONOTONIC)
provenance monotonic_clock_sha256: 3602256bd0c322a08d05533759ce3cc9d9ea3d4bbc84c619bef860d43267fec9
provenance comparison_runner_sha256: 5a430c8f1600d32e42e7aebaf81fc02d1d99464520445fc6091851995a8e1767
provenance benchmark_mode_selector_sha256: 94664aa372fd929574db50b619e2da0c62ddc4a2eb57fe9980b752e0a85ba2c1
provenance build_metrics_sha256: 61f6d0372a792db592ae504ef09598891c81ec63b7f223df63b10c046c465eab
provenance redb_version: 4.1.0
provenance redb_commit: 6ed1f981ba4deab0b2adbdd7bccb46ec409b2191
provenance redb_lockfile_sha256: 5ed976a13822f0b0852d6c6801e9eed3966d041381eb5359797626fdc02fe18c
provenance baseline_benchmark_sha256: 40bf2eb5690962e64dc3e7b42313d69b857b6ffab154b136c81524e06c0f3756
provenance baseline_benchmark_size_bytes: 59765240
provenance optimized_benchmark_sha256: 2c9c6fe68b313586ce0746c8c8a56179d5fe22d0645e32db666043933416ce2e
provenance optimized_benchmark_size_bytes: 59766664
baseline sha256: 40bf2eb5690962e64dc3e7b42313d69b857b6ffab154b136c81524e06c0f3756
optimized sha256: 2c9c6fe68b313586ce0746c8c8a56179d5fe22d0645e32db666043933416ce2e

[round 1/7] baseline (custom passes disabled)
[baseline] redb: Bulk loaded 5000000 items in 14597ms
[baseline] redb: Wrote 1000 individual items in 44ms
[baseline] redb: Wrote 100 batches of 1000 items in 1531ms
[baseline] redb: Wrote 50000 individual items in 3425ms, with nosync
[baseline] redb: len() in 0ms
[baseline] redb: Random read 1000000 items in 1612ms
[baseline] redb: Random read 1000000 items in 1587ms
[baseline] redb: Random range read 500000 x 10 elements in 1564ms
[baseline] redb: Random range read 500000 x 10 elements in 1553ms
[baseline] redb: Random read (4 threads) 5151000 items in 2020ms
[baseline] redb: Random read (8 threads) 5151000 items in 1165ms
[baseline] redb: Random read (16 threads) 5151000 items in 1399ms
[baseline] redb: Random read (32 threads) 5151000 items in 1145ms
[baseline] redb: Removed 2575500 items in 9720ms
[baseline] redb: Compacted in 3693ms

[round 1/7] optimized (custom passes enabled)
[optimized] redb: Bulk loaded 5000000 items in 13698ms
[optimized] redb: Wrote 1000 individual items in 44ms
[optimized] redb: Wrote 100 batches of 1000 items in 1481ms
[optimized] redb: Wrote 50000 individual items in 3366ms, with nosync
[optimized] redb: len() in 0ms
[optimized] redb: Random read 1000000 items in 1603ms
[optimized] redb: Random read 1000000 items in 1549ms
[optimized] redb: Random range read 500000 x 10 elements in 1586ms
[optimized] redb: Random range read 500000 x 10 elements in 1581ms
[optimized] redb: Random read (4 threads) 5151000 items in 2006ms
[optimized] redb: Random read (8 threads) 5151000 items in 1165ms
[optimized] redb: Random read (16 threads) 5151000 items in 1250ms
[optimized] redb: Random read (32 threads) 5151000 items in 1147ms
[optimized] redb: Removed 2575500 items in 9873ms
[optimized] redb: Compacted in 3629ms

[round 2/7] optimized (custom passes enabled)
[optimized] redb: Bulk loaded 5000000 items in 13596ms
[optimized] redb: Wrote 1000 individual items in 44ms
[optimized] redb: Wrote 100 batches of 1000 items in 1483ms
[optimized] redb: Wrote 50000 individual items in 3354ms, with nosync
[optimized] redb: len() in 0ms
[optimized] redb: Random read 1000000 items in 1553ms
[optimized] redb: Random read 1000000 items in 1543ms
[optimized] redb: Random range read 500000 x 10 elements in 1604ms
[optimized] redb: Random range read 500000 x 10 elements in 1558ms
[optimized] redb: Random read (4 threads) 5151000 items in 2033ms
[optimized] redb: Random read (8 threads) 5151000 items in 1185ms
[optimized] redb: Random read (16 threads) 5151000 items in 1189ms
[optimized] redb: Random read (32 threads) 5151000 items in 1159ms
[optimized] redb: Removed 2575500 items in 9726ms
[optimized] redb: Compacted in 3720ms

[round 2/7] baseline (custom passes disabled)
[baseline] redb: Bulk loaded 5000000 items in 14186ms
[baseline] redb: Wrote 1000 individual items in 44ms
[baseline] redb: Wrote 100 batches of 1000 items in 1508ms
[baseline] redb: Wrote 50000 individual items in 3450ms, with nosync
[baseline] redb: len() in 0ms
[baseline] redb: Random read 1000000 items in 1658ms
[baseline] redb: Random read 1000000 items in 1509ms
[baseline] redb: Random range read 500000 x 10 elements in 1572ms
[baseline] redb: Random range read 500000 x 10 elements in 1589ms
[baseline] redb: Random read (4 threads) 5151000 items in 2046ms
[baseline] redb: Random read (8 threads) 5151000 items in 1169ms
[baseline] redb: Random read (16 threads) 5151000 items in 1189ms
[baseline] redb: Random read (32 threads) 5151000 items in 1159ms
[baseline] redb: Removed 2575500 items in 10030ms
[baseline] redb: Compacted in 3694ms

[round 3/7] baseline (custom passes disabled)
[baseline] redb: Bulk loaded 5000000 items in 13971ms
[baseline] redb: Wrote 1000 individual items in 47ms
[baseline] redb: Wrote 100 batches of 1000 items in 1571ms
[baseline] redb: Wrote 50000 individual items in 3426ms, with nosync
[baseline] redb: len() in 0ms
[baseline] redb: Random read 1000000 items in 1622ms
[baseline] redb: Random read 1000000 items in 1524ms
[baseline] redb: Random range read 500000 x 10 elements in 1557ms
[baseline] redb: Random range read 500000 x 10 elements in 1556ms
[baseline] redb: Random read (4 threads) 5151000 items in 2053ms
[baseline] redb: Random read (8 threads) 5151000 items in 1155ms
[baseline] redb: Random read (16 threads) 5151000 items in 1205ms
[baseline] redb: Random read (32 threads) 5151000 items in 1176ms
[baseline] redb: Removed 2575500 items in 9686ms
[baseline] redb: Compacted in 3645ms

[round 3/7] optimized (custom passes enabled)
[optimized] redb: Bulk loaded 5000000 items in 13828ms
[optimized] redb: Wrote 1000 individual items in 45ms
[optimized] redb: Wrote 100 batches of 1000 items in 1524ms
[optimized] redb: Wrote 50000 individual items in 3375ms, with nosync
[optimized] redb: len() in 0ms
[optimized] redb: Random read 1000000 items in 1524ms
[optimized] redb: Random read 1000000 items in 1558ms
[optimized] redb: Random range read 500000 x 10 elements in 1602ms
[optimized] redb: Random range read 500000 x 10 elements in 1679ms
[optimized] redb: Random read (4 threads) 5151000 items in 2237ms
[optimized] redb: Random read (8 threads) 5151000 items in 1173ms
[optimized] redb: Random read (16 threads) 5151000 items in 1188ms
[optimized] redb: Random read (32 threads) 5151000 items in 1141ms
[optimized] redb: Removed 2575500 items in 9772ms
[optimized] redb: Compacted in 3662ms

[round 4/7] optimized (custom passes enabled)
[optimized] redb: Bulk loaded 5000000 items in 13857ms
[optimized] redb: Wrote 1000 individual items in 45ms
[optimized] redb: Wrote 100 batches of 1000 items in 1527ms
[optimized] redb: Wrote 50000 individual items in 3419ms, with nosync
[optimized] redb: len() in 0ms
[optimized] redb: Random read 1000000 items in 1572ms
[optimized] redb: Random read 1000000 items in 1559ms
[optimized] redb: Random range read 500000 x 10 elements in 1553ms
[optimized] redb: Random range read 500000 x 10 elements in 1606ms
[optimized] redb: Random read (4 threads) 5151000 items in 2009ms
[optimized] redb: Random read (8 threads) 5151000 items in 1117ms
[optimized] redb: Random read (16 threads) 5151000 items in 1229ms
[optimized] redb: Random read (32 threads) 5151000 items in 1170ms
[optimized] redb: Removed 2575500 items in 9746ms
[optimized] redb: Compacted in 3701ms

[round 4/7] baseline (custom passes disabled)
[baseline] redb: Bulk loaded 5000000 items in 13733ms
[baseline] redb: Wrote 1000 individual items in 44ms
[baseline] redb: Wrote 100 batches of 1000 items in 1541ms
[baseline] redb: Wrote 50000 individual items in 3370ms, with nosync
[baseline] redb: len() in 0ms
[baseline] redb: Random read 1000000 items in 1526ms
[baseline] redb: Random read 1000000 items in 1498ms
[baseline] redb: Random range read 500000 x 10 elements in 1567ms
[baseline] redb: Random range read 500000 x 10 elements in 1556ms
[baseline] redb: Random read (4 threads) 5151000 items in 1994ms
[baseline] redb: Random read (8 threads) 5151000 items in 1163ms
[baseline] redb: Random read (16 threads) 5151000 items in 1164ms
[baseline] redb: Random read (32 threads) 5151000 items in 1129ms
[baseline] redb: Removed 2575500 items in 9602ms
[baseline] redb: Compacted in 3793ms

[round 5/7] baseline (custom passes disabled)
[baseline] redb: Bulk loaded 5000000 items in 13667ms
[baseline] redb: Wrote 1000 individual items in 44ms
[baseline] redb: Wrote 100 batches of 1000 items in 1465ms
[baseline] redb: Wrote 50000 individual items in 3335ms, with nosync
[baseline] redb: len() in 0ms
[baseline] redb: Random read 1000000 items in 1552ms
[baseline] redb: Random read 1000000 items in 1511ms
[baseline] redb: Random range read 500000 x 10 elements in 1567ms
[baseline] redb: Random range read 500000 x 10 elements in 1617ms
[baseline] redb: Random read (4 threads) 5151000 items in 2227ms
[baseline] redb: Random read (8 threads) 5151000 items in 1434ms
[baseline] redb: Random read (16 threads) 5151000 items in 1410ms
[baseline] redb: Random read (32 threads) 5151000 items in 1169ms
[baseline] redb: Removed 2575500 items in 9539ms
[baseline] redb: Compacted in 3643ms

[round 5/7] optimized (custom passes enabled)
[optimized] redb: Bulk loaded 5000000 items in 13835ms
[optimized] redb: Wrote 1000 individual items in 45ms
[optimized] redb: Wrote 100 batches of 1000 items in 1493ms
[optimized] redb: Wrote 50000 individual items in 3400ms, with nosync
[optimized] redb: len() in 0ms
[optimized] redb: Random read 1000000 items in 1543ms
[optimized] redb: Random read 1000000 items in 1539ms
[optimized] redb: Random range read 500000 x 10 elements in 1588ms
[optimized] redb: Random range read 500000 x 10 elements in 1577ms
[optimized] redb: Random read (4 threads) 5151000 items in 2110ms
[optimized] redb: Random read (8 threads) 5151000 items in 1175ms
[optimized] redb: Random read (16 threads) 5151000 items in 1185ms
[optimized] redb: Random read (32 threads) 5151000 items in 1185ms
[optimized] redb: Removed 2575500 items in 9587ms
[optimized] redb: Compacted in 3700ms

[round 6/7] optimized (custom passes enabled)
[optimized] redb: Bulk loaded 5000000 items in 14990ms
[optimized] redb: Wrote 1000 individual items in 45ms
[optimized] redb: Wrote 100 batches of 1000 items in 1565ms
[optimized] redb: Wrote 50000 individual items in 3499ms, with nosync
[optimized] redb: len() in 0ms
[optimized] redb: Random read 1000000 items in 1883ms
[optimized] redb: Random read 1000000 items in 1737ms
[optimized] redb: Random range read 500000 x 10 elements in 1684ms
[optimized] redb: Random range read 500000 x 10 elements in 1611ms
[optimized] redb: Random read (4 threads) 5151000 items in 2016ms
[optimized] redb: Random read (8 threads) 5151000 items in 1167ms
[optimized] redb: Random read (16 threads) 5151000 items in 1166ms
[optimized] redb: Random read (32 threads) 5151000 items in 1164ms
[optimized] redb: Removed 2575500 items in 9615ms
[optimized] redb: Compacted in 3642ms

[round 6/7] baseline (custom passes disabled)
[baseline] redb: Bulk loaded 5000000 items in 13862ms
[baseline] redb: Wrote 1000 individual items in 45ms
[baseline] redb: Wrote 100 batches of 1000 items in 1492ms
[baseline] redb: Wrote 50000 individual items in 3410ms, with nosync
[baseline] redb: len() in 0ms
[baseline] redb: Random read 1000000 items in 1821ms
[baseline] redb: Random read 1000000 items in 1792ms
[baseline] redb: Random range read 500000 x 10 elements in 1822ms
[baseline] redb: Random range read 500000 x 10 elements in 1657ms
[baseline] redb: Random read (4 threads) 5151000 items in 2203ms
[baseline] redb: Random read (8 threads) 5151000 items in 1324ms
[baseline] redb: Random read (16 threads) 5151000 items in 1287ms
[baseline] redb: Random read (32 threads) 5151000 items in 1201ms
[baseline] redb: Removed 2575500 items in 10084ms
[baseline] redb: Compacted in 3785ms

[round 7/7] baseline (custom passes disabled)
[baseline] redb: Bulk loaded 5000000 items in 14976ms
[baseline] redb: Wrote 1000 individual items in 45ms
[baseline] redb: Wrote 100 batches of 1000 items in 1605ms
[baseline] redb: Wrote 50000 individual items in 3466ms, with nosync
[baseline] redb: len() in 0ms
[baseline] redb: Random read 1000000 items in 1690ms
[baseline] redb: Random read 1000000 items in 1657ms
[baseline] redb: Random range read 500000 x 10 elements in 1645ms
[baseline] redb: Random range read 500000 x 10 elements in 1648ms
[baseline] redb: Random read (4 threads) 5151000 items in 2083ms
[baseline] redb: Random read (8 threads) 5151000 items in 1163ms
[baseline] redb: Random read (16 threads) 5151000 items in 1192ms
[baseline] redb: Random read (32 threads) 5151000 items in 1209ms
[baseline] redb: Removed 2575500 items in 10582ms
[baseline] redb: Compacted in 3848ms

[round 7/7] optimized (custom passes enabled)
[optimized] redb: Bulk loaded 5000000 items in 14326ms
[optimized] redb: Wrote 1000 individual items in 44ms
[optimized] redb: Wrote 100 batches of 1000 items in 1545ms
[optimized] redb: Wrote 50000 individual items in 3430ms, with nosync
[optimized] redb: len() in 0ms
[optimized] redb: Random read 1000000 items in 1798ms
[optimized] redb: Random read 1000000 items in 1816ms
[optimized] redb: Random range read 500000 x 10 elements in 1755ms
[optimized] redb: Random range read 500000 x 10 elements in 1781ms
[optimized] redb: Random read (4 threads) 5151000 items in 2227ms
[optimized] redb: Random read (8 threads) 5151000 items in 1205ms
[optimized] redb: Random read (16 threads) 5151000 items in 1299ms
[optimized] redb: Random read (32 threads) 5151000 items in 1204ms
[optimized] redb: Removed 2575500 items in 10119ms
[optimized] redb: Compacted in 3747ms

round	baseline_s	optimized_s	optimized_speedup_percent
1	51.423	50.474	+1.88%
2	51.092	50.199	+1.78%
3	50.599	50.764	-0.32%
4	50.116	50.585	-0.93%
5	50.637	50.462	+0.35%
6	52.124	52.236	-0.21%
7	53.246	52.587	+1.25%
mean	51.320	51.044	+0.54%

phase	occurrence	baseline_mean_ms	optimized_mean_ms	optimized_speedup_percent
Bulk loaded 5000000 items	1	14141.7	14018.6	+0.88%
Wrote 1000 individual items	1	44.7	44.6	+0.32%
Wrote 100 batches of 1000 items	1	1530.4	1516.9	+0.89%
Wrote 50000 individual items	1	3411.7	3406.1	+0.16%
len()	1	0.0	0.0	+0.00%
Random read 1000000 items	1	1640.1	1639.4	+0.04%
Random read 1000000 items	2	1582.6	1614.4	-1.97%
Random range read 500000 x 10 elements	1	1613.4	1624.6	-0.69%
Random range read 500000 x 10 elements	2	1596.6	1627.6	-1.90%
Random read (4 threads) 5151000 items	1	2089.4	2091.1	-0.08%
Random read (8 threads) 5151000 items	1	1224.7	1169.6	+4.71%
Random read (16 threads) 5151000 items	1	1263.7	1215.1	+4.00%
Random read (32 threads) 5151000 items	1	1169.7	1167.1	+0.22%
Removed 2575500 items	1	9891.9	9776.9	+1.18%
Compacted	1	3728.7	3685.9	+1.16%
raw results: /results/total-times.tsv
raw phase results: /results/phases.tsv
