redb baseline/optimized comparison
runs: 7
machine: Linux 6.8.0-124-generic x86_64 GNU/Linux
CPU vendor: AuthenticAMD
CPU model: AMD EPYC-Milan Processor
online CPU count: 8
effective CPU list: 0-7
effective CPU count: 8
timing clock: clock_gettime(CLOCK_MONOTONIC)
timing clock sha256: 3602256bd0c322a08d05533759ce3cc9d9ea3d4bbc84c619bef860d43267fec9
comparison runner sha256: 8e937b0a6f0e3ccffc3de2aa616e11184e9798247861ade344c49413fa51c7d4
provenance manifest sha256: a672e20e92e5782c0bf788c0f79c3691d4e8c37f99451b131d000f0a123891f1
provenance manifest_format: aco-benchmark-provenance-v1
provenance build_environment_id: 857daf7a274f92fd8270b010e8856b4d1ea32c2e0fd3e1d9c012a9f3d623dab1
provenance rust_image: docker.io/library/rust:1.97.1-bookworm@sha256:77fac8b98f9f46062bb680b6d25d5bcaabfc400143952ebc572e924bcbedc3fa
provenance debian_snapshot: 20260713T000000Z
provenance rust_version: 1.97.1
provenance rust_commit: 8bab26f4f68e0e26f0bb7960be334d5b520ea452
provenance compiler_manifest_format: aco-compiler-artifacts-v1
provenance compiler_build_id: 98420cc36b8a361c9b8a87fea40f3181154d9aa08304ec6582b69ddf647189de
provenance compiler_artifact_id: 9f63729ea6e7aa6b3bf3970d070dabd9f547ff76696dc167f33ec0dc8fe86439
provenance rustc_sha256: 5a99d07a36bec5bbc41a55321ac7bcb3dcb9f926af240f8af45fc259ceae650f
provenance rustc_driver_set_sha256: c54132cd7dab486063affb72285c2ad6bf4d7e79fcd6bdd548827364da43ffc6
provenance llvm_library_set_sha256: ce5e29b0bc43793e26e116c9a8ae1860e80191544738cd70dc2f81e4bf7159e8
provenance compiler_sysroot_sha256: 0c46276fda85c317ee64cbd2b99a96be28b9d9117f9c7ba3d9ef6cd65709db20
provenance optimizer_pipeline: aco-passes
provenance optimizer_plugin_sha256: f0e354f0a7bf976d6a395ca0fc5b07ee15265bd0339ef25d74454fef303e5e50
provenance optimizer_wrapper_sha256: e63ee5b632b33b1116f471bf504555e41e94cfc3b07c39401f971e9a86be0d89
provenance compiler_variant_wrapper_sha256: 936c00d57915ed8deb5f0ee0aa5cc56351085b7def43137dc0cdefc89c234e32
provenance cargo_version: cargo 1.97.1 (c980f4866 2026-06-30)
provenance cargo_sha256: 4acc9acc76d5079515b46346a485974457b5a79893cfb01112423c89aeb5aa10
provenance monotonic_clock: clock_gettime(CLOCK_MONOTONIC)
provenance monotonic_clock_sha256: 3602256bd0c322a08d05533759ce3cc9d9ea3d4bbc84c619bef860d43267fec9
provenance comparison_runner_sha256: 8e937b0a6f0e3ccffc3de2aa616e11184e9798247861ade344c49413fa51c7d4
provenance redb_version: 4.1.0
provenance redb_commit: 6ed1f981ba4deab0b2adbdd7bccb46ec409b2191
provenance redb_lockfile_sha256: 5ed976a13822f0b0852d6c6801e9eed3966d041381eb5359797626fdc02fe18c
provenance baseline_benchmark_sha256: 40bf2eb5690962e64dc3e7b42313d69b857b6ffab154b136c81524e06c0f3756
provenance optimized_benchmark_sha256: 043b5f714ddb01c6474e1fe59870034bdf5bebd21341ad9e685fb92b9c44f628
baseline sha256: 40bf2eb5690962e64dc3e7b42313d69b857b6ffab154b136c81524e06c0f3756
optimized sha256: 043b5f714ddb01c6474e1fe59870034bdf5bebd21341ad9e685fb92b9c44f628

[round 1/7] baseline (custom passes disabled)
[baseline] redb: Bulk loaded 5000000 items in 19005ms
[baseline] redb: Wrote 1000 individual items in 60ms
[baseline] redb: Wrote 100 batches of 1000 items in 2087ms
[baseline] redb: Wrote 50000 individual items in 4682ms, with nosync
[baseline] redb: len() in 0ms
[baseline] redb: Random read 1000000 items in 2233ms
[baseline] redb: Random read 1000000 items in 2222ms
[baseline] redb: Random range read 500000 x 10 elements in 2231ms
[baseline] redb: Random range read 500000 x 10 elements in 2126ms
[baseline] redb: Random read (4 threads) 5151000 items in 2639ms
[baseline] redb: Random read (8 threads) 5151000 items in 2502ms
[baseline] redb: Random read (16 threads) 5151000 items in 2467ms
[baseline] redb: Random read (32 threads) 5151000 items in 2117ms
[baseline] redb: Removed 2575500 items in 12157ms
[baseline] redb: Compacted in 5036ms

[round 1/7] optimized (custom passes enabled)
[optimized] redb: Bulk loaded 5000000 items in 17530ms
[optimized] redb: Wrote 1000 individual items in 58ms
[optimized] redb: Wrote 100 batches of 1000 items in 2041ms
[optimized] redb: Wrote 50000 individual items in 4433ms, with nosync
[optimized] redb: len() in 0ms
[optimized] redb: Random read 1000000 items in 1895ms
[optimized] redb: Random read 1000000 items in 1890ms
[optimized] redb: Random range read 500000 x 10 elements in 2133ms
[optimized] redb: Random range read 500000 x 10 elements in 2144ms
[optimized] redb: Random read (4 threads) 5151000 items in 2650ms
[optimized] redb: Random read (8 threads) 5151000 items in 2508ms
[optimized] redb: Random read (16 threads) 5151000 items in 2439ms
[optimized] redb: Random read (32 threads) 5151000 items in 2458ms
[optimized] redb: Removed 2575500 items in 12119ms
[optimized] redb: Compacted in 5009ms

[round 2/7] optimized (custom passes enabled)
[optimized] redb: Bulk loaded 5000000 items in 17778ms
[optimized] redb: Wrote 1000 individual items in 59ms
[optimized] redb: Wrote 100 batches of 1000 items in 1964ms
[optimized] redb: Wrote 50000 individual items in 4477ms, with nosync
[optimized] redb: len() in 0ms
[optimized] redb: Random read 1000000 items in 2034ms
[optimized] redb: Random read 1000000 items in 1947ms
[optimized] redb: Random range read 500000 x 10 elements in 2126ms
[optimized] redb: Random range read 500000 x 10 elements in 2183ms
[optimized] redb: Random read (4 threads) 5151000 items in 2584ms
[optimized] redb: Random read (8 threads) 5151000 items in 2440ms
[optimized] redb: Random read (16 threads) 5151000 items in 2421ms
[optimized] redb: Random read (32 threads) 5151000 items in 2455ms
[optimized] redb: Removed 2575500 items in 12489ms
[optimized] redb: Compacted in 5004ms

[round 2/7] baseline (custom passes disabled)
[baseline] redb: Bulk loaded 5000000 items in 18104ms
[baseline] redb: Wrote 1000 individual items in 58ms
[baseline] redb: Wrote 100 batches of 1000 items in 1956ms
[baseline] redb: Wrote 50000 individual items in 4609ms, with nosync
[baseline] redb: len() in 0ms
[baseline] redb: Random read 1000000 items in 2131ms
[baseline] redb: Random read 1000000 items in 2166ms
[baseline] redb: Random range read 500000 x 10 elements in 2166ms
[baseline] redb: Random range read 500000 x 10 elements in 2052ms
[baseline] redb: Random read (4 threads) 5151000 items in 2458ms
[baseline] redb: Random read (8 threads) 5151000 items in 2537ms
[baseline] redb: Random read (16 threads) 5151000 items in 2427ms
[baseline] redb: Random read (32 threads) 5151000 items in 2420ms
[baseline] redb: Removed 2575500 items in 12367ms
[baseline] redb: Compacted in 5059ms

[round 3/7] baseline (custom passes disabled)
[baseline] redb: Bulk loaded 5000000 items in 18355ms
[baseline] redb: Wrote 1000 individual items in 57ms
[baseline] redb: Wrote 100 batches of 1000 items in 2175ms
[baseline] redb: Wrote 50000 individual items in 3912ms, with nosync
[baseline] redb: len() in 0ms
[baseline] redb: Random read 1000000 items in 1665ms
[baseline] redb: Random read 1000000 items in 1559ms
[baseline] redb: Random range read 500000 x 10 elements in 1973ms
[baseline] redb: Random range read 500000 x 10 elements in 2265ms
[baseline] redb: Random read (4 threads) 5151000 items in 2818ms
[baseline] redb: Random read (8 threads) 5151000 items in 2524ms
[baseline] redb: Random read (16 threads) 5151000 items in 2550ms
[baseline] redb: Random read (32 threads) 5151000 items in 2500ms
[baseline] redb: Removed 2575500 items in 12743ms
[baseline] redb: Compacted in 5164ms

[round 3/7] optimized (custom passes enabled)
[optimized] redb: Bulk loaded 5000000 items in 18882ms
[optimized] redb: Wrote 1000 individual items in 72ms
[optimized] redb: Wrote 100 batches of 1000 items in 2034ms
[optimized] redb: Wrote 50000 individual items in 4627ms, with nosync
[optimized] redb: len() in 0ms
[optimized] redb: Random read 1000000 items in 2045ms
[optimized] redb: Random read 1000000 items in 2004ms
[optimized] redb: Random range read 500000 x 10 elements in 2273ms
[optimized] redb: Random range read 500000 x 10 elements in 2273ms
[optimized] redb: Random read (4 threads) 5151000 items in 2549ms
[optimized] redb: Random read (8 threads) 5151000 items in 2474ms
[optimized] redb: Random read (16 threads) 5151000 items in 2428ms
[optimized] redb: Random read (32 threads) 5151000 items in 2459ms
[optimized] redb: Removed 2575500 items in 11968ms
[optimized] redb: Compacted in 4958ms

[round 4/7] optimized (custom passes enabled)
[optimized] redb: Bulk loaded 5000000 items in 17735ms
[optimized] redb: Wrote 1000 individual items in 59ms
[optimized] redb: Wrote 100 batches of 1000 items in 1925ms
[optimized] redb: Wrote 50000 individual items in 4482ms, with nosync
[optimized] redb: len() in 0ms
[optimized] redb: Random read 1000000 items in 1964ms
[optimized] redb: Random read 1000000 items in 1950ms
[optimized] redb: Random range read 500000 x 10 elements in 2094ms
[optimized] redb: Random range read 500000 x 10 elements in 2117ms
[optimized] redb: Random read (4 threads) 5151000 items in 2650ms
[optimized] redb: Random read (8 threads) 5151000 items in 2321ms
[optimized] redb: Random read (16 threads) 5151000 items in 2400ms
[optimized] redb: Random read (32 threads) 5151000 items in 2345ms
[optimized] redb: Removed 2575500 items in 12235ms
[optimized] redb: Compacted in 5085ms

[round 4/7] baseline (custom passes disabled)
[baseline] redb: Bulk loaded 5000000 items in 18004ms
[baseline] redb: Wrote 1000 individual items in 58ms
[baseline] redb: Wrote 100 batches of 1000 items in 1951ms
[baseline] redb: Wrote 50000 individual items in 4477ms, with nosync
[baseline] redb: len() in 0ms
[baseline] redb: Random read 1000000 items in 1960ms
[baseline] redb: Random read 1000000 items in 1992ms
[baseline] redb: Random range read 500000 x 10 elements in 2026ms
[baseline] redb: Random range read 500000 x 10 elements in 2034ms
[baseline] redb: Random read (4 threads) 5151000 items in 2661ms
[baseline] redb: Random read (8 threads) 5151000 items in 2500ms
[baseline] redb: Random read (16 threads) 5151000 items in 2586ms
[baseline] redb: Random read (32 threads) 5151000 items in 2479ms
[baseline] redb: Removed 2575500 items in 12717ms
[baseline] redb: Compacted in 5207ms

[round 5/7] baseline (custom passes disabled)
[baseline] redb: Bulk loaded 5000000 items in 19258ms
[baseline] redb: Wrote 1000 individual items in 58ms
[baseline] redb: Wrote 100 batches of 1000 items in 2098ms
[baseline] redb: Wrote 50000 individual items in 4690ms, with nosync
[baseline] redb: len() in 0ms
[baseline] redb: Random read 1000000 items in 2245ms
[baseline] redb: Random read 1000000 items in 2375ms
[baseline] redb: Random range read 500000 x 10 elements in 2040ms
[baseline] redb: Random range read 500000 x 10 elements in 2010ms
[baseline] redb: Random read (4 threads) 5151000 items in 2781ms
[baseline] redb: Random read (8 threads) 5151000 items in 2476ms
[baseline] redb: Random read (16 threads) 5151000 items in 2483ms
[baseline] redb: Random read (32 threads) 5151000 items in 2494ms
[baseline] redb: Removed 2575500 items in 12795ms
[baseline] redb: Compacted in 5144ms

[round 5/7] optimized (custom passes enabled)
[optimized] redb: Bulk loaded 5000000 items in 17812ms
[optimized] redb: Wrote 1000 individual items in 58ms
[optimized] redb: Wrote 100 batches of 1000 items in 1929ms
[optimized] redb: Wrote 50000 individual items in 4592ms, with nosync
[optimized] redb: len() in 0ms
[optimized] redb: Random read 1000000 items in 1977ms
[optimized] redb: Random read 1000000 items in 1977ms
[optimized] redb: Random range read 500000 x 10 elements in 2142ms
[optimized] redb: Random range read 500000 x 10 elements in 2149ms
[optimized] redb: Random read (4 threads) 5151000 items in 2672ms
[optimized] redb: Random read (8 threads) 5151000 items in 2528ms
[optimized] redb: Random read (16 threads) 5151000 items in 2438ms
[optimized] redb: Random read (32 threads) 5151000 items in 2279ms
[optimized] redb: Removed 2575500 items in 12171ms
[optimized] redb: Compacted in 5031ms

[round 6/7] optimized (custom passes enabled)
[optimized] redb: Bulk loaded 5000000 items in 17762ms
[optimized] redb: Wrote 1000 individual items in 58ms
[optimized] redb: Wrote 100 batches of 1000 items in 1905ms
[optimized] redb: Wrote 50000 individual items in 4454ms, with nosync
[optimized] redb: len() in 0ms
[optimized] redb: Random read 1000000 items in 1933ms
[optimized] redb: Random read 1000000 items in 1905ms
[optimized] redb: Random range read 500000 x 10 elements in 2115ms
[optimized] redb: Random range read 500000 x 10 elements in 2116ms
[optimized] redb: Random read (4 threads) 5151000 items in 2629ms
[optimized] redb: Random read (8 threads) 5151000 items in 2419ms
[optimized] redb: Random read (16 threads) 5151000 items in 2370ms
[optimized] redb: Random read (32 threads) 5151000 items in 2435ms
[optimized] redb: Removed 2575500 items in 12225ms
[optimized] redb: Compacted in 4138ms

[round 6/7] baseline (custom passes disabled)
[baseline] redb: Bulk loaded 5000000 items in 18969ms
[baseline] redb: Wrote 1000 individual items in 61ms
[baseline] redb: Wrote 100 batches of 1000 items in 2173ms
[baseline] redb: Wrote 50000 individual items in 4805ms, with nosync
[baseline] redb: len() in 0ms
[baseline] redb: Random read 1000000 items in 2288ms
[baseline] redb: Random read 1000000 items in 2240ms
[baseline] redb: Random range read 500000 x 10 elements in 2233ms
[baseline] redb: Random range read 500000 x 10 elements in 2145ms
[baseline] redb: Random read (4 threads) 5151000 items in 2651ms
[baseline] redb: Random read (8 threads) 5151000 items in 2497ms
[baseline] redb: Random read (16 threads) 5151000 items in 2657ms
[baseline] redb: Random read (32 threads) 5151000 items in 2545ms
[baseline] redb: Removed 2575500 items in 13218ms
[baseline] redb: Compacted in 5332ms

[round 7/7] baseline (custom passes disabled)
[baseline] redb: Bulk loaded 5000000 items in 18940ms
[baseline] redb: Wrote 1000 individual items in 61ms
[baseline] redb: Wrote 100 batches of 1000 items in 2028ms
[baseline] redb: Wrote 50000 individual items in 4597ms, with nosync
[baseline] redb: len() in 0ms
[baseline] redb: Random read 1000000 items in 2145ms
[baseline] redb: Random read 1000000 items in 2184ms
[baseline] redb: Random range read 500000 x 10 elements in 2177ms
[baseline] redb: Random range read 500000 x 10 elements in 2161ms
[baseline] redb: Random read (4 threads) 5151000 items in 2814ms
[baseline] redb: Random read (8 threads) 5151000 items in 2500ms
[baseline] redb: Random read (16 threads) 5151000 items in 1895ms
[baseline] redb: Random read (32 threads) 5151000 items in 2449ms
[baseline] redb: Removed 2575500 items in 12458ms
[baseline] redb: Compacted in 5142ms

[round 7/7] optimized (custom passes enabled)
[optimized] redb: Bulk loaded 5000000 items in 17814ms
[optimized] redb: Wrote 1000 individual items in 58ms
[optimized] redb: Wrote 100 batches of 1000 items in 1954ms
[optimized] redb: Wrote 50000 individual items in 4462ms, with nosync
[optimized] redb: len() in 0ms
[optimized] redb: Random read 1000000 items in 1967ms
[optimized] redb: Random read 1000000 items in 1944ms
[optimized] redb: Random range read 500000 x 10 elements in 2157ms
[optimized] redb: Random range read 500000 x 10 elements in 2148ms
[optimized] redb: Random read (4 threads) 5151000 items in 2524ms
[optimized] redb: Random read (8 threads) 5151000 items in 2541ms
[optimized] redb: Random read (16 threads) 5151000 items in 2418ms
[optimized] redb: Random read (32 threads) 5151000 items in 2427ms
[optimized] redb: Removed 2575500 items in 12193ms
[optimized] redb: Compacted in 5086ms

round	baseline_s	optimized_s	optimized_speedup_percent
1	70.173	67.658	+3.72%
2	68.925	68.192	+1.08%
3	69.053	69.650	-0.86%
4	69.234	67.845	+2.05%
5	71.550	68.368	+4.65%
6	72.375	66.949	+8.11%
7	69.553	68.258	+1.90%
mean	70.123	68.131	+2.92%
raw results: /results/total-times.tsv
