redb baseline/optimized comparison
candidate mode: optimized
runs: 7
machine: Linux 6.8.0-124-generic x86_64 GNU/Linux
CPU vendor: AuthenticAMD
CPU model: AMD EPYC-Milan Processor
online CPU count: 8
effective CPU list: 0-7
effective CPU count: 8
timing clock: clock_gettime(CLOCK_MONOTONIC)
timing clock sha256: 3602256bd0c322a08d05533759ce3cc9d9ea3d4bbc84c619bef860d43267fec9
comparison runner sha256: e2e90a351e14193f42e934f550350b6b796dbd0da15db91a227f2c10786dd20e
provenance manifest sha256: 353dfa82c47a46879abfc0adbb7aaadc39284877b12ecd001fcc0ef6206c98b4
provenance manifest_format: aco-benchmark-provenance-v2
provenance build_environment_id: 857daf7a274f92fd8270b010e8856b4d1ea32c2e0fd3e1d9c012a9f3d623dab1
provenance rust_image: docker.io/library/rust:1.97.1-bookworm@sha256:77fac8b98f9f46062bb680b6d25d5bcaabfc400143952ebc572e924bcbedc3fa
provenance debian_snapshot: 20260713T000000Z
provenance rust_version: 1.97.1
provenance rust_commit: 8bab26f4f68e0e26f0bb7960be334d5b520ea452
provenance compiler_manifest_format: aco-compiler-artifacts-v1
provenance compiler_build_id: 98420cc36b8a361c9b8a87fea40f3181154d9aa08304ec6582b69ddf647189de
provenance compiler_artifact_id: fbe353cca5525bf7a95e1c37e28f29169d3f58b23ef1fc740917ba958bab862c
provenance rustc_sha256: 5a99d07a36bec5bbc41a55321ac7bcb3dcb9f926af240f8af45fc259ceae650f
provenance rustc_driver_set_sha256: c54132cd7dab486063affb72285c2ad6bf4d7e79fcd6bdd548827364da43ffc6
provenance llvm_library_set_sha256: ce5e29b0bc43793e26e116c9a8ae1860e80191544738cd70dc2f81e4bf7159e8
provenance compiler_sysroot_sha256: 0c46276fda85c317ee64cbd2b99a96be28b9d9117f9c7ba3d9ef6cd65709db20
provenance benchmark_candidate_variant: optimized
provenance optimizer_pipeline: aco-passes
provenance optimizer_plugin_sha256: 8e816d27461b435ec56e9ade331e234443831918b5ed9bbc3cb3d8b67e363a23
provenance optimizer_wrapper_sha256: 5cdf5b6fdb09aeb805ad6c1aa49479232cc943b919a7bafbbc39908f1e057c7d
provenance compiler_variant_wrapper_sha256: f3ff855a7f219492ceb4bddb1322caada97020f4465fecbd6f3b9750f5b87c82
provenance cargo_version: cargo 1.97.1 (c980f4866 2026-06-30)
provenance cargo_sha256: 828980723df339d62434390e9fb8ef8831036583343ae2316b7ab5646b5c1953
provenance cargo_proxy_sha256: 4acc9acc76d5079515b46346a485974457b5a79893cfb01112423c89aeb5aa10
provenance monotonic_clock: clock_gettime(CLOCK_MONOTONIC)
provenance monotonic_clock_sha256: 3602256bd0c322a08d05533759ce3cc9d9ea3d4bbc84c619bef860d43267fec9
provenance comparison_runner_sha256: e2e90a351e14193f42e934f550350b6b796dbd0da15db91a227f2c10786dd20e
provenance benchmark_mode_selector_sha256: 5d71b0ce7776033cc5ed9847ab7e32bafd9967237df739c2c316ae4087bd16f9
provenance build_metrics_sha256: f4e0c746f49dfddd15174694be64f2a51f04697e3542aca73235803f108b665a
provenance redb_version: 4.1.0
provenance redb_commit: 6ed1f981ba4deab0b2adbdd7bccb46ec409b2191
provenance redb_lockfile_sha256: 5ed976a13822f0b0852d6c6801e9eed3966d041381eb5359797626fdc02fe18c
provenance baseline_benchmark_sha256: 40bf2eb5690962e64dc3e7b42313d69b857b6ffab154b136c81524e06c0f3756
provenance baseline_benchmark_size_bytes: 59765240
provenance optimized_benchmark_sha256: bed73dd459949c5f7b5b68b37b053b83f67c9d63983bd9dd87f20fd834e0b37b
provenance optimized_benchmark_size_bytes: 59768840
baseline sha256: 40bf2eb5690962e64dc3e7b42313d69b857b6ffab154b136c81524e06c0f3756
optimized sha256: bed73dd459949c5f7b5b68b37b053b83f67c9d63983bd9dd87f20fd834e0b37b

[round 1/7] baseline (custom passes disabled)
[baseline] redb: Bulk loaded 5000000 items in 13876ms
[baseline] redb: Wrote 1000 individual items in 44ms
[baseline] redb: Wrote 100 batches of 1000 items in 1501ms
[baseline] redb: Wrote 50000 individual items in 3415ms, with nosync
[baseline] redb: len() in 0ms
[baseline] redb: Random read 1000000 items in 1649ms
[baseline] redb: Random read 1000000 items in 1558ms
[baseline] redb: Random range read 500000 x 10 elements in 1644ms
[baseline] redb: Random range read 500000 x 10 elements in 1602ms
[baseline] redb: Random read (4 threads) 5151000 items in 2098ms
[baseline] redb: Random read (8 threads) 5151000 items in 1451ms
[baseline] redb: Random read (16 threads) 5151000 items in 1228ms
[baseline] redb: Random read (32 threads) 5151000 items in 1197ms
[baseline] redb: Removed 2575500 items in 9893ms
[baseline] redb: Compacted in 3923ms

[round 1/7] optimized (custom passes enabled)
[optimized] redb: Bulk loaded 5000000 items in 14261ms
[optimized] redb: Wrote 1000 individual items in 45ms
[optimized] redb: Wrote 100 batches of 1000 items in 1558ms
[optimized] redb: Wrote 50000 individual items in 3520ms, with nosync
[optimized] redb: len() in 0ms
[optimized] redb: Random read 1000000 items in 1652ms
[optimized] redb: Random read 1000000 items in 1568ms
[optimized] redb: Random range read 500000 x 10 elements in 1663ms
[optimized] redb: Random range read 500000 x 10 elements in 1603ms
[optimized] redb: Random read (4 threads) 5151000 items in 2087ms
[optimized] redb: Random read (8 threads) 5151000 items in 1180ms
[optimized] redb: Random read (16 threads) 5151000 items in 1220ms
[optimized] redb: Random read (32 threads) 5151000 items in 1183ms
[optimized] redb: Removed 2575500 items in 9989ms
[optimized] redb: Compacted in 3810ms

[round 2/7] optimized (custom passes enabled)
[optimized] redb: Bulk loaded 5000000 items in 14187ms
[optimized] redb: Wrote 1000 individual items in 46ms
[optimized] redb: Wrote 100 batches of 1000 items in 1569ms
[optimized] redb: Wrote 50000 individual items in 3528ms, with nosync
[optimized] redb: len() in 0ms
[optimized] redb: Random read 1000000 items in 1675ms
[optimized] redb: Random read 1000000 items in 1672ms
[optimized] redb: Random range read 500000 x 10 elements in 1867ms
[optimized] redb: Random range read 500000 x 10 elements in 1788ms
[optimized] redb: Random read (4 threads) 5151000 items in 2169ms
[optimized] redb: Random read (8 threads) 5151000 items in 1220ms
[optimized] redb: Random read (16 threads) 5151000 items in 1256ms
[optimized] redb: Random read (32 threads) 5151000 items in 1212ms
[optimized] redb: Removed 2575500 items in 10308ms
[optimized] redb: Compacted in 3882ms

[round 2/7] baseline (custom passes disabled)
[baseline] redb: Bulk loaded 5000000 items in 14825ms
[baseline] redb: Wrote 1000 individual items in 46ms
[baseline] redb: Wrote 100 batches of 1000 items in 1573ms
[baseline] redb: Wrote 50000 individual items in 3481ms, with nosync
[baseline] redb: len() in 0ms
[baseline] redb: Random read 1000000 items in 1746ms
[baseline] redb: Random read 1000000 items in 1781ms
[baseline] redb: Random range read 500000 x 10 elements in 1716ms
[baseline] redb: Random range read 500000 x 10 elements in 1754ms
[baseline] redb: Random read (4 threads) 5151000 items in 2140ms
[baseline] redb: Random read (8 threads) 5151000 items in 1221ms
[baseline] redb: Random read (16 threads) 5151000 items in 1247ms
[baseline] redb: Random read (32 threads) 5151000 items in 1222ms
[baseline] redb: Removed 2575500 items in 10582ms
[baseline] redb: Compacted in 3870ms

[round 3/7] baseline (custom passes disabled)
[baseline] redb: Bulk loaded 5000000 items in 14509ms
[baseline] redb: Wrote 1000 individual items in 44ms
[baseline] redb: Wrote 100 batches of 1000 items in 1699ms
[baseline] redb: Wrote 50000 individual items in 3447ms, with nosync
[baseline] redb: len() in 0ms
[baseline] redb: Random read 1000000 items in 1822ms
[baseline] redb: Random read 1000000 items in 1730ms
[baseline] redb: Random range read 500000 x 10 elements in 1744ms
[baseline] redb: Random range read 500000 x 10 elements in 1745ms
[baseline] redb: Random read (4 threads) 5151000 items in 2161ms
[baseline] redb: Random read (8 threads) 5151000 items in 1263ms
[baseline] redb: Random read (16 threads) 5151000 items in 1266ms
[baseline] redb: Random read (32 threads) 5151000 items in 1226ms
[baseline] redb: Removed 2575500 items in 10520ms
[baseline] redb: Compacted in 3859ms

[round 3/7] optimized (custom passes enabled)
[optimized] redb: Bulk loaded 5000000 items in 14552ms
[optimized] redb: Wrote 1000 individual items in 45ms
[optimized] redb: Wrote 100 batches of 1000 items in 1614ms
[optimized] redb: Wrote 50000 individual items in 3499ms, with nosync
[optimized] redb: len() in 0ms
[optimized] redb: Random read 1000000 items in 1792ms
[optimized] redb: Random read 1000000 items in 1709ms
[optimized] redb: Random range read 500000 x 10 elements in 1721ms
[optimized] redb: Random range read 500000 x 10 elements in 1686ms
[optimized] redb: Random read (4 threads) 5151000 items in 2204ms
[optimized] redb: Random read (8 threads) 5151000 items in 1487ms
[optimized] redb: Random read (16 threads) 5151000 items in 1231ms
[optimized] redb: Random read (32 threads) 5151000 items in 1187ms
[optimized] redb: Removed 2575500 items in 10070ms
[optimized] redb: Compacted in 3841ms

[round 4/7] optimized (custom passes enabled)
[optimized] redb: Bulk loaded 5000000 items in 14477ms
[optimized] redb: Wrote 1000 individual items in 45ms
[optimized] redb: Wrote 100 batches of 1000 items in 1532ms
[optimized] redb: Wrote 50000 individual items in 3463ms, with nosync
[optimized] redb: len() in 0ms
[optimized] redb: Random read 1000000 items in 1707ms
[optimized] redb: Random read 1000000 items in 1678ms
[optimized] redb: Random range read 500000 x 10 elements in 1743ms
[optimized] redb: Random range read 500000 x 10 elements in 1724ms
[optimized] redb: Random read (4 threads) 5151000 items in 2229ms
[optimized] redb: Random read (8 threads) 5151000 items in 1206ms
[optimized] redb: Random read (16 threads) 5151000 items in 1191ms
[optimized] redb: Random read (32 threads) 5151000 items in 1194ms
[optimized] redb: Removed 2575500 items in 10295ms
[optimized] redb: Compacted in 3912ms

[round 4/7] baseline (custom passes disabled)
[baseline] redb: Bulk loaded 5000000 items in 14363ms
[baseline] redb: Wrote 1000 individual items in 44ms
[baseline] redb: Wrote 100 batches of 1000 items in 1514ms
[baseline] redb: Wrote 50000 individual items in 3391ms, with nosync
[baseline] redb: len() in 0ms
[baseline] redb: Random read 1000000 items in 1568ms
[baseline] redb: Random read 1000000 items in 1572ms
[baseline] redb: Random range read 500000 x 10 elements in 1741ms
[baseline] redb: Random range read 500000 x 10 elements in 1659ms
[baseline] redb: Random read (4 threads) 5151000 items in 2162ms
[baseline] redb: Random read (8 threads) 5151000 items in 1224ms
[baseline] redb: Random read (16 threads) 5151000 items in 1179ms
[baseline] redb: Random read (32 threads) 5151000 items in 1185ms
[baseline] redb: Removed 2575500 items in 9913ms
[baseline] redb: Compacted in 3760ms

[round 5/7] baseline (custom passes disabled)
[baseline] redb: Bulk loaded 5000000 items in 14315ms
[baseline] redb: Wrote 1000 individual items in 45ms
[baseline] redb: Wrote 100 batches of 1000 items in 1583ms
[baseline] redb: Wrote 50000 individual items in 3463ms, with nosync
[baseline] redb: len() in 0ms
[baseline] redb: Random read 1000000 items in 1659ms
[baseline] redb: Random read 1000000 items in 1638ms
[baseline] redb: Random range read 500000 x 10 elements in 1682ms
[baseline] redb: Random range read 500000 x 10 elements in 1700ms
[baseline] redb: Random read (4 threads) 5151000 items in 2123ms
[baseline] redb: Random read (8 threads) 5151000 items in 1353ms
[baseline] redb: Random read (16 threads) 5151000 items in 1239ms
[baseline] redb: Random read (32 threads) 5151000 items in 1198ms
[baseline] redb: Removed 2575500 items in 10113ms
[baseline] redb: Compacted in 3660ms

[round 5/7] optimized (custom passes enabled)
[optimized] redb: Bulk loaded 5000000 items in 13953ms
[optimized] redb: Wrote 1000 individual items in 44ms
[optimized] redb: Wrote 100 batches of 1000 items in 1498ms
[optimized] redb: Wrote 50000 individual items in 3533ms, with nosync
[optimized] redb: len() in 0ms
[optimized] redb: Random read 1000000 items in 1594ms
[optimized] redb: Random read 1000000 items in 1544ms
[optimized] redb: Random range read 500000 x 10 elements in 1612ms
[optimized] redb: Random range read 500000 x 10 elements in 1625ms
[optimized] redb: Random read (4 threads) 5151000 items in 2064ms
[optimized] redb: Random read (8 threads) 5151000 items in 1152ms
[optimized] redb: Random read (16 threads) 5151000 items in 1199ms
[optimized] redb: Random read (32 threads) 5151000 items in 1161ms
[optimized] redb: Removed 2575500 items in 9635ms
[optimized] redb: Compacted in 3715ms

[round 6/7] optimized (custom passes enabled)
[optimized] redb: Bulk loaded 5000000 items in 13819ms
[optimized] redb: Wrote 1000 individual items in 45ms
[optimized] redb: Wrote 100 batches of 1000 items in 1592ms
[optimized] redb: Wrote 50000 individual items in 3602ms, with nosync
[optimized] redb: len() in 0ms
[optimized] redb: Random read 1000000 items in 1582ms
[optimized] redb: Random read 1000000 items in 1613ms
[optimized] redb: Random range read 500000 x 10 elements in 1655ms
[optimized] redb: Random range read 500000 x 10 elements in 1689ms
[optimized] redb: Random read (4 threads) 5151000 items in 2040ms
[optimized] redb: Random read (8 threads) 5151000 items in 1190ms
[optimized] redb: Random read (16 threads) 5151000 items in 1360ms
[optimized] redb: Random read (32 threads) 5151000 items in 1169ms
[optimized] redb: Removed 2575500 items in 9638ms
[optimized] redb: Compacted in 3757ms

[round 6/7] baseline (custom passes disabled)
[baseline] redb: Bulk loaded 5000000 items in 14331ms
[baseline] redb: Wrote 1000 individual items in 44ms
[baseline] redb: Wrote 100 batches of 1000 items in 1532ms
[baseline] redb: Wrote 50000 individual items in 3493ms, with nosync
[baseline] redb: len() in 0ms
[baseline] redb: Random read 1000000 items in 1676ms
[baseline] redb: Random read 1000000 items in 1626ms
[baseline] redb: Random range read 500000 x 10 elements in 1643ms
[baseline] redb: Random range read 500000 x 10 elements in 1643ms
[baseline] redb: Random read (4 threads) 5151000 items in 2206ms
[baseline] redb: Random read (8 threads) 5151000 items in 1246ms
[baseline] redb: Random read (16 threads) 5151000 items in 1203ms
[baseline] redb: Random read (32 threads) 5151000 items in 1185ms
[baseline] redb: Removed 2575500 items in 9879ms
[baseline] redb: Compacted in 3765ms

[round 7/7] baseline (custom passes disabled)
[baseline] redb: Bulk loaded 5000000 items in 13867ms
[baseline] redb: Wrote 1000 individual items in 44ms
[baseline] redb: Wrote 100 batches of 1000 items in 1494ms
[baseline] redb: Wrote 50000 individual items in 3379ms, with nosync
[baseline] redb: len() in 0ms
[baseline] redb: Random read 1000000 items in 1623ms
[baseline] redb: Random read 1000000 items in 1555ms
[baseline] redb: Random range read 500000 x 10 elements in 1611ms
[baseline] redb: Random range read 500000 x 10 elements in 1584ms
[baseline] redb: Random read (4 threads) 5151000 items in 2045ms
[baseline] redb: Random read (8 threads) 5151000 items in 1167ms
[baseline] redb: Random read (16 threads) 5151000 items in 1415ms
[baseline] redb: Random read (32 threads) 5151000 items in 1323ms
[baseline] redb: Removed 2575500 items in 9772ms
[baseline] redb: Compacted in 3716ms

[round 7/7] optimized (custom passes enabled)
[optimized] redb: Bulk loaded 5000000 items in 13734ms
[optimized] redb: Wrote 1000 individual items in 49ms
[optimized] redb: Wrote 100 batches of 1000 items in 1513ms
[optimized] redb: Wrote 50000 individual items in 3427ms, with nosync
[optimized] redb: len() in 0ms
[optimized] redb: Random read 1000000 items in 1570ms
[optimized] redb: Random read 1000000 items in 1546ms
[optimized] redb: Random range read 500000 x 10 elements in 1602ms
[optimized] redb: Random range read 500000 x 10 elements in 1618ms
[optimized] redb: Random read (4 threads) 5151000 items in 2040ms
[optimized] redb: Random read (8 threads) 5151000 items in 1189ms
[optimized] redb: Random read (16 threads) 5151000 items in 1152ms
[optimized] redb: Random read (32 threads) 5151000 items in 1140ms
[optimized] redb: Removed 2575500 items in 9641ms
[optimized] redb: Compacted in 3747ms

round	baseline_s	optimized_s	optimized_speedup_percent
1	51.523	51.994	-0.91%
2	53.764	53.037	+1.37%
3	53.527	53.094	+0.82%
4	51.815	53.043	-2.32%
5	52.353	50.762	+3.14%
6	51.820	51.162	+1.29%
7	50.934	50.474	+0.91%
mean	52.248	51.938	+0.60%

phase	occurrence	baseline_mean_ms	optimized_mean_ms	optimized_speedup_percent
Bulk loaded 5000000 items	1	14298.0	14140.4	+1.11%
Wrote 1000 individual items	1	44.4	45.6	-2.51%
Wrote 100 batches of 1000 items	1	1556.6	1553.7	+0.18%
Wrote 50000 individual items	1	3438.4	3510.3	-2.05%
len()	1	0.0	0.0	+0.00%
Random read 1000000 items	1	1677.6	1653.1	+1.48%
Random read 1000000 items	2	1637.1	1618.6	+1.15%
Random range read 500000 x 10 elements	1	1683.0	1694.7	-0.69%
Random range read 500000 x 10 elements	2	1669.6	1676.1	-0.39%
Random read (4 threads) 5151000 items	1	2133.6	2119.0	+0.69%
Random read (8 threads) 5151000 items	1	1275.0	1232.0	+3.49%
Random read (16 threads) 5151000 items	1	1253.9	1229.9	+1.95%
Random read (32 threads) 5151000 items	1	1219.4	1178.0	+3.52%
Removed 2575500 items	1	10096.0	9939.4	+1.58%
Compacted	1	3793.3	3809.1	-0.42%
raw results: /results/total-times.tsv
raw phase results: /results/phases.tsv
