redb baseline/midpoint comparison
candidate mode: midpoint
runs: 7
machine: Linux 6.8.0-124-generic x86_64 GNU/Linux
CPU vendor: AuthenticAMD
CPU model: AMD EPYC-Milan Processor
online CPU count: 8
effective CPU list: 0-7
effective CPU count: 8
timing clock: clock_gettime(CLOCK_MONOTONIC)
timing clock sha256: 3602256bd0c322a08d05533759ce3cc9d9ea3d4bbc84c619bef860d43267fec9
comparison runner sha256: e2e90a351e14193f42e934f550350b6b796dbd0da15db91a227f2c10786dd20e
provenance manifest sha256: 91084edbf44d23fa9f24b67f54a781609d30db43be3f520be9132a6fb0fb8b7b
provenance manifest_format: aco-benchmark-provenance-v2
provenance build_environment_id: 857daf7a274f92fd8270b010e8856b4d1ea32c2e0fd3e1d9c012a9f3d623dab1
provenance rust_image: docker.io/library/rust:1.97.1-bookworm@sha256:77fac8b98f9f46062bb680b6d25d5bcaabfc400143952ebc572e924bcbedc3fa
provenance debian_snapshot: 20260713T000000Z
provenance rust_version: 1.97.1
provenance rust_commit: 8bab26f4f68e0e26f0bb7960be334d5b520ea452
provenance compiler_manifest_format: aco-compiler-artifacts-v1
provenance compiler_build_id: 98420cc36b8a361c9b8a87fea40f3181154d9aa08304ec6582b69ddf647189de
provenance compiler_artifact_id: fbe353cca5525bf7a95e1c37e28f29169d3f58b23ef1fc740917ba958bab862c
provenance rustc_sha256: 5a99d07a36bec5bbc41a55321ac7bcb3dcb9f926af240f8af45fc259ceae650f
provenance rustc_driver_set_sha256: c54132cd7dab486063affb72285c2ad6bf4d7e79fcd6bdd548827364da43ffc6
provenance llvm_library_set_sha256: ce5e29b0bc43793e26e116c9a8ae1860e80191544738cd70dc2f81e4bf7159e8
provenance compiler_sysroot_sha256: 0c46276fda85c317ee64cbd2b99a96be28b9d9117f9c7ba3d9ef6cd65709db20
provenance benchmark_candidate_variant: midpoint
provenance optimizer_pipeline: aco-midpoint-only
provenance optimizer_plugin_sha256: 8e816d27461b435ec56e9ade331e234443831918b5ed9bbc3cb3d8b67e363a23
provenance optimizer_wrapper_sha256: 5cdf5b6fdb09aeb805ad6c1aa49479232cc943b919a7bafbbc39908f1e057c7d
provenance compiler_variant_wrapper_sha256: f3ff855a7f219492ceb4bddb1322caada97020f4465fecbd6f3b9750f5b87c82
provenance cargo_version: cargo 1.97.1 (c980f4866 2026-06-30)
provenance cargo_sha256: 828980723df339d62434390e9fb8ef8831036583343ae2316b7ab5646b5c1953
provenance cargo_proxy_sha256: 4acc9acc76d5079515b46346a485974457b5a79893cfb01112423c89aeb5aa10
provenance monotonic_clock: clock_gettime(CLOCK_MONOTONIC)
provenance monotonic_clock_sha256: 3602256bd0c322a08d05533759ce3cc9d9ea3d4bbc84c619bef860d43267fec9
provenance comparison_runner_sha256: e2e90a351e14193f42e934f550350b6b796dbd0da15db91a227f2c10786dd20e
provenance benchmark_mode_selector_sha256: 5d71b0ce7776033cc5ed9847ab7e32bafd9967237df739c2c316ae4087bd16f9
provenance build_metrics_sha256: f4e0c746f49dfddd15174694be64f2a51f04697e3542aca73235803f108b665a
provenance redb_version: 4.1.0
provenance redb_commit: 6ed1f981ba4deab0b2adbdd7bccb46ec409b2191
provenance redb_lockfile_sha256: 5ed976a13822f0b0852d6c6801e9eed3966d041381eb5359797626fdc02fe18c
provenance baseline_benchmark_sha256: 40bf2eb5690962e64dc3e7b42313d69b857b6ffab154b136c81524e06c0f3756
provenance baseline_benchmark_size_bytes: 59765240
provenance optimized_benchmark_sha256: 2c9c6fe68b313586ce0746c8c8a56179d5fe22d0645e32db666043933416ce2e
provenance optimized_benchmark_size_bytes: 59766664
baseline sha256: 40bf2eb5690962e64dc3e7b42313d69b857b6ffab154b136c81524e06c0f3756
optimized sha256: 2c9c6fe68b313586ce0746c8c8a56179d5fe22d0645e32db666043933416ce2e

[round 1/7] baseline (custom passes disabled)
[baseline] redb: Bulk loaded 5000000 items in 14803ms
[baseline] redb: Wrote 1000 individual items in 47ms
[baseline] redb: Wrote 100 batches of 1000 items in 1690ms
[baseline] redb: Wrote 50000 individual items in 3670ms, with nosync
[baseline] redb: len() in 0ms
[baseline] redb: Random read 1000000 items in 1801ms
[baseline] redb: Random read 1000000 items in 1771ms
[baseline] redb: Random range read 500000 x 10 elements in 1822ms
[baseline] redb: Random range read 500000 x 10 elements in 1817ms
[baseline] redb: Random read (4 threads) 5151000 items in 2266ms
[baseline] redb: Random read (8 threads) 5151000 items in 1247ms
[baseline] redb: Random read (16 threads) 5151000 items in 1251ms
[baseline] redb: Random read (32 threads) 5151000 items in 1259ms
[baseline] redb: Removed 2575500 items in 10659ms
[baseline] redb: Compacted in 4054ms

[round 1/7] optimized (custom passes enabled)
[optimized] redb: Bulk loaded 5000000 items in 15242ms
[optimized] redb: Wrote 1000 individual items in 47ms
[optimized] redb: Wrote 100 batches of 1000 items in 1611ms
[optimized] redb: Wrote 50000 individual items in 3567ms, with nosync
[optimized] redb: len() in 0ms
[optimized] redb: Random read 1000000 items in 1782ms
[optimized] redb: Random read 1000000 items in 1926ms
[optimized] redb: Random range read 500000 x 10 elements in 1788ms
[optimized] redb: Random range read 500000 x 10 elements in 1768ms
[optimized] redb: Random read (4 threads) 5151000 items in 2258ms
[optimized] redb: Random read (8 threads) 5151000 items in 1258ms
[optimized] redb: Random read (16 threads) 5151000 items in 1283ms
[optimized] redb: Random read (32 threads) 5151000 items in 1288ms
[optimized] redb: Removed 2575500 items in 10855ms
[optimized] redb: Compacted in 4056ms

[round 2/7] optimized (custom passes enabled)
[optimized] redb: Bulk loaded 5000000 items in 14781ms
[optimized] redb: Wrote 1000 individual items in 48ms
[optimized] redb: Wrote 100 batches of 1000 items in 1637ms
[optimized] redb: Wrote 50000 individual items in 3687ms, with nosync
[optimized] redb: len() in 0ms
[optimized] redb: Random read 1000000 items in 1801ms
[optimized] redb: Random read 1000000 items in 1670ms
[optimized] redb: Random range read 500000 x 10 elements in 1772ms
[optimized] redb: Random range read 500000 x 10 elements in 1778ms
[optimized] redb: Random read (4 threads) 5151000 items in 2253ms
[optimized] redb: Random read (8 threads) 5151000 items in 1286ms
[optimized] redb: Random read (16 threads) 5151000 items in 1291ms
[optimized] redb: Random read (32 threads) 5151000 items in 1238ms
[optimized] redb: Removed 2575500 items in 10467ms
[optimized] redb: Compacted in 3905ms

[round 2/7] baseline (custom passes disabled)
[baseline] redb: Bulk loaded 5000000 items in 15121ms
[baseline] redb: Wrote 1000 individual items in 47ms
[baseline] redb: Wrote 100 batches of 1000 items in 1637ms
[baseline] redb: Wrote 50000 individual items in 3630ms, with nosync
[baseline] redb: len() in 0ms
[baseline] redb: Random read 1000000 items in 1953ms
[baseline] redb: Random read 1000000 items in 1870ms
[baseline] redb: Random range read 500000 x 10 elements in 1826ms
[baseline] redb: Random range read 500000 x 10 elements in 1876ms
[baseline] redb: Random read (4 threads) 5151000 items in 2325ms
[baseline] redb: Random read (8 threads) 5151000 items in 1288ms
[baseline] redb: Random read (16 threads) 5151000 items in 1312ms
[baseline] redb: Random read (32 threads) 5151000 items in 1296ms
[baseline] redb: Removed 2575500 items in 10510ms
[baseline] redb: Compacted in 3936ms

[round 3/7] baseline (custom passes disabled)
[baseline] redb: Bulk loaded 5000000 items in 15008ms
[baseline] redb: Wrote 1000 individual items in 46ms
[baseline] redb: Wrote 100 batches of 1000 items in 1589ms
[baseline] redb: Wrote 50000 individual items in 3603ms, with nosync
[baseline] redb: len() in 0ms
[baseline] redb: Random read 1000000 items in 1916ms
[baseline] redb: Random read 1000000 items in 1791ms
[baseline] redb: Random range read 500000 x 10 elements in 1785ms
[baseline] redb: Random range read 500000 x 10 elements in 1789ms
[baseline] redb: Random read (4 threads) 5151000 items in 2297ms
[baseline] redb: Random read (8 threads) 5151000 items in 1289ms
[baseline] redb: Random read (16 threads) 5151000 items in 1323ms
[baseline] redb: Random read (32 threads) 5151000 items in 1263ms
[baseline] redb: Removed 2575500 items in 10695ms
[baseline] redb: Compacted in 3968ms

[round 3/7] optimized (custom passes enabled)
[optimized] redb: Bulk loaded 5000000 items in 15033ms
[optimized] redb: Wrote 1000 individual items in 47ms
[optimized] redb: Wrote 100 batches of 1000 items in 1653ms
[optimized] redb: Wrote 50000 individual items in 3618ms, with nosync
[optimized] redb: len() in 0ms
[optimized] redb: Random read 1000000 items in 1737ms
[optimized] redb: Random read 1000000 items in 1711ms
[optimized] redb: Random range read 500000 x 10 elements in 1711ms
[optimized] redb: Random range read 500000 x 10 elements in 1759ms
[optimized] redb: Random read (4 threads) 5151000 items in 2224ms
[optimized] redb: Random read (8 threads) 5151000 items in 1279ms
[optimized] redb: Random read (16 threads) 5151000 items in 1297ms
[optimized] redb: Random read (32 threads) 5151000 items in 1244ms
[optimized] redb: Removed 2575500 items in 10467ms
[optimized] redb: Compacted in 4019ms

[round 4/7] optimized (custom passes enabled)
[optimized] redb: Bulk loaded 5000000 items in 15141ms
[optimized] redb: Wrote 1000 individual items in 51ms
[optimized] redb: Wrote 100 batches of 1000 items in 1593ms
[optimized] redb: Wrote 50000 individual items in 3676ms, with nosync
[optimized] redb: len() in 0ms
[optimized] redb: Random read 1000000 items in 1984ms
[optimized] redb: Random read 1000000 items in 1662ms
[optimized] redb: Random range read 500000 x 10 elements in 1730ms
[optimized] redb: Random range read 500000 x 10 elements in 1725ms
[optimized] redb: Random read (4 threads) 5151000 items in 2199ms
[optimized] redb: Random read (8 threads) 5151000 items in 1243ms
[optimized] redb: Random read (16 threads) 5151000 items in 1298ms
[optimized] redb: Random read (32 threads) 5151000 items in 1256ms
[optimized] redb: Removed 2575500 items in 10569ms
[optimized] redb: Compacted in 3878ms

[round 4/7] baseline (custom passes disabled)
[baseline] redb: Bulk loaded 5000000 items in 14626ms
[baseline] redb: Wrote 1000 individual items in 48ms
[baseline] redb: Wrote 100 batches of 1000 items in 1617ms
[baseline] redb: Wrote 50000 individual items in 3728ms, with nosync
[baseline] redb: len() in 0ms
[baseline] redb: Random read 1000000 items in 1872ms
[baseline] redb: Random read 1000000 items in 1772ms
[baseline] redb: Random range read 500000 x 10 elements in 1748ms
[baseline] redb: Random range read 500000 x 10 elements in 1751ms
[baseline] redb: Random read (4 threads) 5151000 items in 2432ms
[baseline] redb: Random read (8 threads) 5151000 items in 1289ms
[baseline] redb: Random read (16 threads) 5151000 items in 1302ms
[baseline] redb: Random read (32 threads) 5151000 items in 1295ms
[baseline] redb: Removed 2575500 items in 10652ms
[baseline] redb: Compacted in 4023ms

[round 5/7] baseline (custom passes disabled)
[baseline] redb: Bulk loaded 5000000 items in 15220ms
[baseline] redb: Wrote 1000 individual items in 48ms
[baseline] redb: Wrote 100 batches of 1000 items in 1630ms
[baseline] redb: Wrote 50000 individual items in 3740ms, with nosync
[baseline] redb: len() in 0ms
[baseline] redb: Random read 1000000 items in 1740ms
[baseline] redb: Random read 1000000 items in 1856ms
[baseline] redb: Random range read 500000 x 10 elements in 1764ms
[baseline] redb: Random range read 500000 x 10 elements in 1715ms
[baseline] redb: Random read (4 threads) 5151000 items in 2214ms
[baseline] redb: Random read (8 threads) 5151000 items in 1352ms
[baseline] redb: Random read (16 threads) 5151000 items in 1328ms
[baseline] redb: Random read (32 threads) 5151000 items in 1257ms
[baseline] redb: Removed 2575500 items in 10519ms
[baseline] redb: Compacted in 3946ms

[round 5/7] optimized (custom passes enabled)
[optimized] redb: Bulk loaded 5000000 items in 15029ms
[optimized] redb: Wrote 1000 individual items in 47ms
[optimized] redb: Wrote 100 batches of 1000 items in 1629ms
[optimized] redb: Wrote 50000 individual items in 3692ms, with nosync
[optimized] redb: len() in 0ms
[optimized] redb: Random read 1000000 items in 1718ms
[optimized] redb: Random read 1000000 items in 1720ms
[optimized] redb: Random range read 500000 x 10 elements in 1733ms
[optimized] redb: Random range read 500000 x 10 elements in 1798ms
[optimized] redb: Random read (4 threads) 5151000 items in 2225ms
[optimized] redb: Random read (8 threads) 5151000 items in 1419ms
[optimized] redb: Random read (16 threads) 5151000 items in 1338ms
[optimized] redb: Random read (32 threads) 5151000 items in 1489ms
[optimized] redb: Removed 2575500 items in 11180ms
[optimized] redb: Compacted in 4018ms

[round 6/7] optimized (custom passes enabled)
[optimized] redb: Bulk loaded 5000000 items in 15875ms
[optimized] redb: Wrote 1000 individual items in 49ms
[optimized] redb: Wrote 100 batches of 1000 items in 1772ms
[optimized] redb: Wrote 50000 individual items in 3774ms, with nosync
[optimized] redb: len() in 0ms
[optimized] redb: Random read 1000000 items in 2028ms
[optimized] redb: Random read 1000000 items in 1960ms
[optimized] redb: Random range read 500000 x 10 elements in 1850ms
[optimized] redb: Random range read 500000 x 10 elements in 1857ms
[optimized] redb: Random read (4 threads) 5151000 items in 2416ms
[optimized] redb: Random read (8 threads) 5151000 items in 1314ms
[optimized] redb: Random read (16 threads) 5151000 items in 1332ms
[optimized] redb: Random read (32 threads) 5151000 items in 1305ms
[optimized] redb: Removed 2575500 items in 11564ms
[optimized] redb: Compacted in 4076ms

[round 6/7] baseline (custom passes disabled)
[baseline] redb: Bulk loaded 5000000 items in 15891ms
[baseline] redb: Wrote 1000 individual items in 49ms
[baseline] redb: Wrote 100 batches of 1000 items in 1671ms
[baseline] redb: Wrote 50000 individual items in 3699ms, with nosync
[baseline] redb: len() in 0ms
[baseline] redb: Random read 1000000 items in 1928ms
[baseline] redb: Random read 1000000 items in 1893ms
[baseline] redb: Random range read 500000 x 10 elements in 1949ms
[baseline] redb: Random range read 500000 x 10 elements in 1914ms
[baseline] redb: Random read (4 threads) 5151000 items in 2334ms
[baseline] redb: Random read (8 threads) 5151000 items in 1337ms
[baseline] redb: Random read (16 threads) 5151000 items in 1392ms
[baseline] redb: Random read (32 threads) 5151000 items in 1303ms
[baseline] redb: Removed 2575500 items in 11234ms
[baseline] redb: Compacted in 4130ms

[round 7/7] baseline (custom passes disabled)
[baseline] redb: Bulk loaded 5000000 items in 15771ms
[baseline] redb: Wrote 1000 individual items in 48ms
[baseline] redb: Wrote 100 batches of 1000 items in 1681ms
[baseline] redb: Wrote 50000 individual items in 3670ms, with nosync
[baseline] redb: len() in 0ms
[baseline] redb: Random read 1000000 items in 1928ms
[baseline] redb: Random read 1000000 items in 1902ms
[baseline] redb: Random range read 500000 x 10 elements in 1840ms
[baseline] redb: Random range read 500000 x 10 elements in 1852ms
[baseline] redb: Random read (4 threads) 5151000 items in 2277ms
[baseline] redb: Random read (8 threads) 5151000 items in 1416ms
[baseline] redb: Random read (16 threads) 5151000 items in 1312ms
[baseline] redb: Random read (32 threads) 5151000 items in 1302ms
[baseline] redb: Removed 2575500 items in 11011ms
[baseline] redb: Compacted in 4086ms

[round 7/7] optimized (custom passes enabled)
[optimized] redb: Bulk loaded 5000000 items in 15462ms
[optimized] redb: Wrote 1000 individual items in 45ms
[optimized] redb: Wrote 100 batches of 1000 items in 1657ms
[optimized] redb: Wrote 50000 individual items in 3536ms, with nosync
[optimized] redb: len() in 0ms
[optimized] redb: Random read 1000000 items in 1829ms
[optimized] redb: Random read 1000000 items in 1848ms
[optimized] redb: Random range read 500000 x 10 elements in 1784ms
[optimized] redb: Random range read 500000 x 10 elements in 1786ms
[optimized] redb: Random read (4 threads) 5151000 items in 2139ms
[optimized] redb: Random read (8 threads) 5151000 items in 1249ms
[optimized] redb: Random read (16 threads) 5151000 items in 1267ms
[optimized] redb: Random read (32 threads) 5151000 items in 1246ms
[optimized] redb: Removed 2575500 items in 10838ms
[optimized] redb: Compacted in 3948ms

round	baseline_s	optimized_s	optimized_speedup_percent
1	54.927	55.464	-0.97%
2	55.324	54.502	+1.51%
3	55.047	54.581	+0.85%
4	55.272	54.939	+0.61%
5	55.304	55.997	-1.24%
6	57.661	58.053	-0.67%
7	57.110	55.030	+3.78%
mean	55.806	55.509	+0.54%

phase	occurrence	baseline_mean_ms	optimized_mean_ms	optimized_speedup_percent
Bulk loaded 5000000 items	1	15205.7	15223.3	-0.12%
Wrote 1000 individual items	1	47.6	47.7	-0.30%
Wrote 100 batches of 1000 items	1	1645.0	1650.3	-0.32%
Wrote 50000 individual items	1	3677.1	3650.0	+0.74%
len()	1	0.0	0.0	+0.00%
Random read 1000000 items	1	1876.9	1839.9	+2.01%
Random read 1000000 items	2	1836.4	1785.3	+2.86%
Random range read 500000 x 10 elements	1	1819.1	1766.9	+2.96%
Random range read 500000 x 10 elements	2	1816.3	1781.6	+1.95%
Random read (4 threads) 5151000 items	1	2306.4	2244.9	+2.74%
Random read (8 threads) 5151000 items	1	1316.9	1292.6	+1.88%
Random read (16 threads) 5151000 items	1	1317.1	1300.9	+1.25%
Random read (32 threads) 5151000 items	1	1282.1	1295.1	-1.00%
Removed 2575500 items	1	10754.3	10848.6	-0.87%
Compacted	1	4020.4	3985.7	+0.87%
raw results: /results/total-times.tsv
raw phase results: /results/phases.tsv
