redb baseline/key-comparisons comparison
candidate mode: key-comparisons
runs: 7
machine: Linux 6.8.0-124-generic x86_64 GNU/Linux
CPU vendor: AuthenticAMD
CPU model: AMD EPYC-Milan Processor
online CPU count: 8
effective CPU list: 0-7
effective CPU count: 8
timing clock: clock_gettime(CLOCK_MONOTONIC)
timing clock sha256: 3602256bd0c322a08d05533759ce3cc9d9ea3d4bbc84c619bef860d43267fec9
comparison runner sha256: e2e90a351e14193f42e934f550350b6b796dbd0da15db91a227f2c10786dd20e
provenance manifest sha256: a8495396406a084a6193d2bfe27d8d1f6fea81043cfd5b7e0bf28ede0e760090
provenance manifest_format: aco-benchmark-provenance-v2
provenance build_environment_id: 857daf7a274f92fd8270b010e8856b4d1ea32c2e0fd3e1d9c012a9f3d623dab1
provenance rust_image: docker.io/library/rust:1.97.1-bookworm@sha256:77fac8b98f9f46062bb680b6d25d5bcaabfc400143952ebc572e924bcbedc3fa
provenance debian_snapshot: 20260713T000000Z
provenance rust_version: 1.97.1
provenance rust_commit: 8bab26f4f68e0e26f0bb7960be334d5b520ea452
provenance compiler_manifest_format: aco-compiler-artifacts-v1
provenance compiler_build_id: 98420cc36b8a361c9b8a87fea40f3181154d9aa08304ec6582b69ddf647189de
provenance compiler_artifact_id: fbe353cca5525bf7a95e1c37e28f29169d3f58b23ef1fc740917ba958bab862c
provenance rustc_sha256: 5a99d07a36bec5bbc41a55321ac7bcb3dcb9f926af240f8af45fc259ceae650f
provenance rustc_driver_set_sha256: c54132cd7dab486063affb72285c2ad6bf4d7e79fcd6bdd548827364da43ffc6
provenance llvm_library_set_sha256: ce5e29b0bc43793e26e116c9a8ae1860e80191544738cd70dc2f81e4bf7159e8
provenance compiler_sysroot_sha256: 0c46276fda85c317ee64cbd2b99a96be28b9d9117f9c7ba3d9ef6cd65709db20
provenance benchmark_candidate_variant: key-comparisons
provenance optimizer_pipeline: aco-key-comparisons
provenance optimizer_plugin_sha256: 8e816d27461b435ec56e9ade331e234443831918b5ed9bbc3cb3d8b67e363a23
provenance optimizer_wrapper_sha256: 5cdf5b6fdb09aeb805ad6c1aa49479232cc943b919a7bafbbc39908f1e057c7d
provenance compiler_variant_wrapper_sha256: f3ff855a7f219492ceb4bddb1322caada97020f4465fecbd6f3b9750f5b87c82
provenance cargo_version: cargo 1.97.1 (c980f4866 2026-06-30)
provenance cargo_sha256: 828980723df339d62434390e9fb8ef8831036583343ae2316b7ab5646b5c1953
provenance cargo_proxy_sha256: 4acc9acc76d5079515b46346a485974457b5a79893cfb01112423c89aeb5aa10
provenance monotonic_clock: clock_gettime(CLOCK_MONOTONIC)
provenance monotonic_clock_sha256: 3602256bd0c322a08d05533759ce3cc9d9ea3d4bbc84c619bef860d43267fec9
provenance comparison_runner_sha256: e2e90a351e14193f42e934f550350b6b796dbd0da15db91a227f2c10786dd20e
provenance benchmark_mode_selector_sha256: 5d71b0ce7776033cc5ed9847ab7e32bafd9967237df739c2c316ae4087bd16f9
provenance build_metrics_sha256: f4e0c746f49dfddd15174694be64f2a51f04697e3542aca73235803f108b665a
provenance redb_version: 4.1.0
provenance redb_commit: 6ed1f981ba4deab0b2adbdd7bccb46ec409b2191
provenance redb_lockfile_sha256: 5ed976a13822f0b0852d6c6801e9eed3966d041381eb5359797626fdc02fe18c
provenance baseline_benchmark_sha256: 40bf2eb5690962e64dc3e7b42313d69b857b6ffab154b136c81524e06c0f3756
provenance baseline_benchmark_size_bytes: 59765240
provenance optimized_benchmark_sha256: b7d9caae1d613910ccf225e8253a889bfef24921cd76a5e3df7ee0434a19f30f
provenance optimized_benchmark_size_bytes: 59770096
baseline sha256: 40bf2eb5690962e64dc3e7b42313d69b857b6ffab154b136c81524e06c0f3756
optimized sha256: b7d9caae1d613910ccf225e8253a889bfef24921cd76a5e3df7ee0434a19f30f

[round 1/7] baseline (custom passes disabled)
[baseline] redb: Bulk loaded 5000000 items in 14439ms
[baseline] redb: Wrote 1000 individual items in 44ms
[baseline] redb: Wrote 100 batches of 1000 items in 1508ms
[baseline] redb: Wrote 50000 individual items in 3433ms, with nosync
[baseline] redb: len() in 0ms
[baseline] redb: Random read 1000000 items in 1609ms
[baseline] redb: Random read 1000000 items in 1584ms
[baseline] redb: Random range read 500000 x 10 elements in 1621ms
[baseline] redb: Random range read 500000 x 10 elements in 1661ms
[baseline] redb: Random read (4 threads) 5151000 items in 2142ms
[baseline] redb: Random read (8 threads) 5151000 items in 1212ms
[baseline] redb: Random read (16 threads) 5151000 items in 1204ms
[baseline] redb: Random read (32 threads) 5151000 items in 1184ms
[baseline] redb: Removed 2575500 items in 10061ms
[baseline] redb: Compacted in 3672ms

[round 1/7] optimized (custom passes enabled)
[optimized] redb: Bulk loaded 5000000 items in 13973ms
[optimized] redb: Wrote 1000 individual items in 45ms
[optimized] redb: Wrote 100 batches of 1000 items in 1565ms
[optimized] redb: Wrote 50000 individual items in 3497ms, with nosync
[optimized] redb: len() in 0ms
[optimized] redb: Random read 1000000 items in 1643ms
[optimized] redb: Random read 1000000 items in 1630ms
[optimized] redb: Random range read 500000 x 10 elements in 1742ms
[optimized] redb: Random range read 500000 x 10 elements in 1633ms
[optimized] redb: Random read (4 threads) 5151000 items in 2105ms
[optimized] redb: Random read (8 threads) 5151000 items in 1179ms
[optimized] redb: Random read (16 threads) 5151000 items in 1231ms
[optimized] redb: Random read (32 threads) 5151000 items in 1186ms
[optimized] redb: Removed 2575500 items in 10006ms
[optimized] redb: Compacted in 3746ms

[round 2/7] optimized (custom passes enabled)
[optimized] redb: Bulk loaded 5000000 items in 13982ms
[optimized] redb: Wrote 1000 individual items in 45ms
[optimized] redb: Wrote 100 batches of 1000 items in 1543ms
[optimized] redb: Wrote 50000 individual items in 3510ms, with nosync
[optimized] redb: len() in 0ms
[optimized] redb: Random read 1000000 items in 1651ms
[optimized] redb: Random read 1000000 items in 1620ms
[optimized] redb: Random range read 500000 x 10 elements in 1609ms
[optimized] redb: Random range read 500000 x 10 elements in 1639ms
[optimized] redb: Random read (4 threads) 5151000 items in 2065ms
[optimized] redb: Random read (8 threads) 5151000 items in 1216ms
[optimized] redb: Random read (16 threads) 5151000 items in 1213ms
[optimized] redb: Random read (32 threads) 5151000 items in 1212ms
[optimized] redb: Removed 2575500 items in 9662ms
[optimized] redb: Compacted in 3689ms

[round 2/7] baseline (custom passes disabled)
[baseline] redb: Bulk loaded 5000000 items in 13972ms
[baseline] redb: Wrote 1000 individual items in 45ms
[baseline] redb: Wrote 100 batches of 1000 items in 1503ms
[baseline] redb: Wrote 50000 individual items in 3501ms, with nosync
[baseline] redb: len() in 0ms
[baseline] redb: Random read 1000000 items in 1591ms
[baseline] redb: Random read 1000000 items in 1578ms
[baseline] redb: Random range read 500000 x 10 elements in 1596ms
[baseline] redb: Random range read 500000 x 10 elements in 1608ms
[baseline] redb: Random read (4 threads) 5151000 items in 2077ms
[baseline] redb: Random read (8 threads) 5151000 items in 1174ms
[baseline] redb: Random read (16 threads) 5151000 items in 1179ms
[baseline] redb: Random read (32 threads) 5151000 items in 1184ms
[baseline] redb: Removed 2575500 items in 9766ms
[baseline] redb: Compacted in 3667ms

[round 3/7] baseline (custom passes disabled)
[baseline] redb: Bulk loaded 5000000 items in 14023ms
[baseline] redb: Wrote 1000 individual items in 46ms
[baseline] redb: Wrote 100 batches of 1000 items in 1517ms
[baseline] redb: Wrote 50000 individual items in 3425ms, with nosync
[baseline] redb: len() in 0ms
[baseline] redb: Random read 1000000 items in 1578ms
[baseline] redb: Random read 1000000 items in 1647ms
[baseline] redb: Random range read 500000 x 10 elements in 1680ms
[baseline] redb: Random range read 500000 x 10 elements in 1640ms
[baseline] redb: Random read (4 threads) 5151000 items in 2119ms
[baseline] redb: Random read (8 threads) 5151000 items in 1174ms
[baseline] redb: Random read (16 threads) 5151000 items in 1174ms
[baseline] redb: Random read (32 threads) 5151000 items in 1184ms
[baseline] redb: Removed 2575500 items in 9712ms
[baseline] redb: Compacted in 3723ms

[round 3/7] optimized (custom passes enabled)
[optimized] redb: Bulk loaded 5000000 items in 13759ms
[optimized] redb: Wrote 1000 individual items in 46ms
[optimized] redb: Wrote 100 batches of 1000 items in 1657ms
[optimized] redb: Wrote 50000 individual items in 3428ms, with nosync
[optimized] redb: len() in 0ms
[optimized] redb: Random read 1000000 items in 1575ms
[optimized] redb: Random read 1000000 items in 1612ms
[optimized] redb: Random range read 500000 x 10 elements in 1634ms
[optimized] redb: Random range read 500000 x 10 elements in 1613ms
[optimized] redb: Random read (4 threads) 5151000 items in 2102ms
[optimized] redb: Random read (8 threads) 5151000 items in 1179ms
[optimized] redb: Random read (16 threads) 5151000 items in 1394ms
[optimized] redb: Random read (32 threads) 5151000 items in 1178ms
[optimized] redb: Removed 2575500 items in 9788ms
[optimized] redb: Compacted in 3765ms

[round 4/7] optimized (custom passes enabled)
[optimized] redb: Bulk loaded 5000000 items in 14341ms
[optimized] redb: Wrote 1000 individual items in 47ms
[optimized] redb: Wrote 100 batches of 1000 items in 1575ms
[optimized] redb: Wrote 50000 individual items in 3522ms, with nosync
[optimized] redb: len() in 0ms
[optimized] redb: Random read 1000000 items in 1595ms
[optimized] redb: Random read 1000000 items in 1612ms
[optimized] redb: Random range read 500000 x 10 elements in 1596ms
[optimized] redb: Random range read 500000 x 10 elements in 1629ms
[optimized] redb: Random read (4 threads) 5151000 items in 2251ms
[optimized] redb: Random read (8 threads) 5151000 items in 1174ms
[optimized] redb: Random read (16 threads) 5151000 items in 1176ms
[optimized] redb: Random read (32 threads) 5151000 items in 1355ms
[optimized] redb: Removed 2575500 items in 9978ms
[optimized] redb: Compacted in 3684ms

[round 4/7] baseline (custom passes disabled)
[baseline] redb: Bulk loaded 5000000 items in 14184ms
[baseline] redb: Wrote 1000 individual items in 44ms
[baseline] redb: Wrote 100 batches of 1000 items in 1537ms
[baseline] redb: Wrote 50000 individual items in 3409ms, with nosync
[baseline] redb: len() in 0ms
[baseline] redb: Random read 1000000 items in 1592ms
[baseline] redb: Random read 1000000 items in 1622ms
[baseline] redb: Random range read 500000 x 10 elements in 1666ms
[baseline] redb: Random range read 500000 x 10 elements in 1682ms
[baseline] redb: Random read (4 threads) 5151000 items in 2048ms
[baseline] redb: Random read (8 threads) 5151000 items in 1202ms
[baseline] redb: Random read (16 threads) 5151000 items in 1194ms
[baseline] redb: Random read (32 threads) 5151000 items in 1162ms
[baseline] redb: Removed 2575500 items in 9889ms
[baseline] redb: Compacted in 3696ms

[round 5/7] baseline (custom passes disabled)
[baseline] redb: Bulk loaded 5000000 items in 13896ms
[baseline] redb: Wrote 1000 individual items in 45ms
[baseline] redb: Wrote 100 batches of 1000 items in 1504ms
[baseline] redb: Wrote 50000 individual items in 3392ms, with nosync
[baseline] redb: len() in 0ms
[baseline] redb: Random read 1000000 items in 1615ms
[baseline] redb: Random read 1000000 items in 1588ms
[baseline] redb: Random range read 500000 x 10 elements in 1732ms
[baseline] redb: Random range read 500000 x 10 elements in 1644ms
[baseline] redb: Random read (4 threads) 5151000 items in 2069ms
[baseline] redb: Random read (8 threads) 5151000 items in 1184ms
[baseline] redb: Random read (16 threads) 5151000 items in 1195ms
[baseline] redb: Random read (32 threads) 5151000 items in 1149ms
[baseline] redb: Removed 2575500 items in 9815ms
[baseline] redb: Compacted in 3710ms

[round 5/7] optimized (custom passes enabled)
[optimized] redb: Bulk loaded 5000000 items in 13961ms
[optimized] redb: Wrote 1000 individual items in 45ms
[optimized] redb: Wrote 100 batches of 1000 items in 1510ms
[optimized] redb: Wrote 50000 individual items in 3436ms, with nosync
[optimized] redb: len() in 0ms
[optimized] redb: Random read 1000000 items in 1575ms
[optimized] redb: Random read 1000000 items in 1546ms
[optimized] redb: Random range read 500000 x 10 elements in 1679ms
[optimized] redb: Random range read 500000 x 10 elements in 1609ms
[optimized] redb: Random read (4 threads) 5151000 items in 2081ms
[optimized] redb: Random read (8 threads) 5151000 items in 1193ms
[optimized] redb: Random read (16 threads) 5151000 items in 1221ms
[optimized] redb: Random read (32 threads) 5151000 items in 1185ms
[optimized] redb: Removed 2575500 items in 9977ms
[optimized] redb: Compacted in 3694ms

[round 6/7] optimized (custom passes enabled)
[optimized] redb: Bulk loaded 5000000 items in 13863ms
[optimized] redb: Wrote 1000 individual items in 45ms
[optimized] redb: Wrote 100 batches of 1000 items in 1528ms
[optimized] redb: Wrote 50000 individual items in 3433ms, with nosync
[optimized] redb: len() in 0ms
[optimized] redb: Random read 1000000 items in 1797ms
[optimized] redb: Random read 1000000 items in 1676ms
[optimized] redb: Random range read 500000 x 10 elements in 1831ms
[optimized] redb: Random range read 500000 x 10 elements in 1641ms
[optimized] redb: Random read (4 threads) 5151000 items in 2073ms
[optimized] redb: Random read (8 threads) 5151000 items in 1177ms
[optimized] redb: Random read (16 threads) 5151000 items in 1200ms
[optimized] redb: Random read (32 threads) 5151000 items in 1188ms
[optimized] redb: Removed 2575500 items in 9861ms
[optimized] redb: Compacted in 3726ms

[round 6/7] baseline (custom passes disabled)
[baseline] redb: Bulk loaded 5000000 items in 13981ms
[baseline] redb: Wrote 1000 individual items in 44ms
[baseline] redb: Wrote 100 batches of 1000 items in 1504ms
[baseline] redb: Wrote 50000 individual items in 3404ms, with nosync
[baseline] redb: len() in 0ms
[baseline] redb: Random read 1000000 items in 1598ms
[baseline] redb: Random read 1000000 items in 1594ms
[baseline] redb: Random range read 500000 x 10 elements in 1655ms
[baseline] redb: Random range read 500000 x 10 elements in 1633ms
[baseline] redb: Random read (4 threads) 5151000 items in 2086ms
[baseline] redb: Random read (8 threads) 5151000 items in 1169ms
[baseline] redb: Random read (16 threads) 5151000 items in 1201ms
[baseline] redb: Random read (32 threads) 5151000 items in 1184ms
[baseline] redb: Removed 2575500 items in 9749ms
[baseline] redb: Compacted in 3687ms

[round 7/7] baseline (custom passes disabled)
[baseline] redb: Bulk loaded 5000000 items in 13884ms
[baseline] redb: Wrote 1000 individual items in 45ms
[baseline] redb: Wrote 100 batches of 1000 items in 1665ms
[baseline] redb: Wrote 50000 individual items in 3451ms, with nosync
[baseline] redb: len() in 0ms
[baseline] redb: Random read 1000000 items in 1609ms
[baseline] redb: Random read 1000000 items in 1606ms
[baseline] redb: Random range read 500000 x 10 elements in 1604ms
[baseline] redb: Random range read 500000 x 10 elements in 1660ms
[baseline] redb: Random read (4 threads) 5151000 items in 2087ms
[baseline] redb: Random read (8 threads) 5151000 items in 1192ms
[baseline] redb: Random read (16 threads) 5151000 items in 1211ms
[baseline] redb: Random read (32 threads) 5151000 items in 1169ms
[baseline] redb: Removed 2575500 items in 9836ms
[baseline] redb: Compacted in 3776ms

[round 7/7] optimized (custom passes enabled)
[optimized] redb: Bulk loaded 5000000 items in 13960ms
[optimized] redb: Wrote 1000 individual items in 45ms
[optimized] redb: Wrote 100 batches of 1000 items in 1556ms
[optimized] redb: Wrote 50000 individual items in 3555ms, with nosync
[optimized] redb: len() in 0ms
[optimized] redb: Random read 1000000 items in 1590ms
[optimized] redb: Random read 1000000 items in 1659ms
[optimized] redb: Random range read 500000 x 10 elements in 1643ms
[optimized] redb: Random range read 500000 x 10 elements in 1655ms
[optimized] redb: Random read (4 threads) 5151000 items in 2089ms
[optimized] redb: Random read (8 threads) 5151000 items in 1169ms
[optimized] redb: Random read (16 threads) 5151000 items in 1226ms
[optimized] redb: Random read (32 threads) 5151000 items in 1173ms
[optimized] redb: Removed 2575500 items in 9637ms
[optimized] redb: Compacted in 3691ms

round	baseline_s	optimized_s	optimized_speedup_percent
1	51.750	51.579	+0.33%
2	50.852	51.094	-0.48%
3	51.082	51.318	-0.46%
4	51.371	52.089	-1.38%
5	50.885	51.074	-0.37%
6	51.049	51.377	-0.64%
7	51.523	51.007	+1.01%
mean	51.216	51.363	-0.29%

phase	occurrence	baseline_mean_ms	optimized_mean_ms	optimized_speedup_percent
Bulk loaded 5000000 items	1	14054.1	13977.0	+0.55%
Wrote 1000 individual items	1	44.7	45.4	-1.57%
Wrote 100 batches of 1000 items	1	1534.0	1562.0	-1.79%
Wrote 50000 individual items	1	3430.7	3483.0	-1.50%
len()	1	0.0	0.0	+0.00%
Random read 1000000 items	1	1598.9	1632.3	-2.05%
Random read 1000000 items	2	1602.7	1622.1	-1.20%
Random range read 500000 x 10 elements	1	1650.6	1676.3	-1.53%
Random range read 500000 x 10 elements	2	1646.9	1631.3	+0.95%
Random read (4 threads) 5151000 items	1	2089.7	2109.4	-0.93%
Random read (8 threads) 5151000 items	1	1186.7	1183.9	+0.24%
Random read (16 threads) 5151000 items	1	1194.0	1237.3	-3.50%
Random read (32 threads) 5151000 items	1	1173.7	1211.0	-3.08%
Removed 2575500 items	1	9832.6	9844.1	-0.12%
Compacted	1	3704.4	3713.6	-0.25%
raw results: /results/total-times.tsv
raw phase results: /results/phases.tsv
