redb baseline/key-comparisons comparison
candidate mode: key-comparisons
runs: 7
machine: Linux 6.8.0-124-generic x86_64 GNU/Linux
CPU vendor: AuthenticAMD
CPU model: AMD EPYC-Milan Processor
online CPU count: 8
effective CPU list: 0-7
effective CPU count: 8
timing clock: clock_gettime(CLOCK_MONOTONIC)
timing clock sha256: 3602256bd0c322a08d05533759ce3cc9d9ea3d4bbc84c619bef860d43267fec9
comparison runner sha256: 5a430c8f1600d32e42e7aebaf81fc02d1d99464520445fc6091851995a8e1767
provenance manifest sha256: 1d14509e8bfd546c5129502741e6e6bf5ea24a1805f27585dcd1264a81fc745f
provenance manifest_format: aco-benchmark-provenance-v2
provenance build_environment_id: 857daf7a274f92fd8270b010e8856b4d1ea32c2e0fd3e1d9c012a9f3d623dab1
provenance rust_image: docker.io/library/rust:1.97.1-bookworm@sha256:77fac8b98f9f46062bb680b6d25d5bcaabfc400143952ebc572e924bcbedc3fa
provenance debian_snapshot: 20260713T000000Z
provenance rust_version: 1.97.1
provenance rust_commit: 8bab26f4f68e0e26f0bb7960be334d5b520ea452
provenance compiler_manifest_format: aco-compiler-artifacts-v1
provenance compiler_build_id: 98420cc36b8a361c9b8a87fea40f3181154d9aa08304ec6582b69ddf647189de
provenance compiler_artifact_id: fbe353cca5525bf7a95e1c37e28f29169d3f58b23ef1fc740917ba958bab862c
provenance rustc_sha256: 5a99d07a36bec5bbc41a55321ac7bcb3dcb9f926af240f8af45fc259ceae650f
provenance rustc_driver_set_sha256: c54132cd7dab486063affb72285c2ad6bf4d7e79fcd6bdd548827364da43ffc6
provenance llvm_library_set_sha256: ce5e29b0bc43793e26e116c9a8ae1860e80191544738cd70dc2f81e4bf7159e8
provenance compiler_sysroot_sha256: 0c46276fda85c317ee64cbd2b99a96be28b9d9117f9c7ba3d9ef6cd65709db20
provenance benchmark_candidate_variant: key-comparisons
provenance optimizer_pipeline: aco-key-comparisons
provenance optimizer_plugin_sha256: f53277f0f54c1847d89c4deb8fc37c0a89a140d7a7f984f0d6c2d8e7df97c0ce
provenance optimizer_wrapper_sha256: 5cdf5b6fdb09aeb805ad6c1aa49479232cc943b919a7bafbbc39908f1e057c7d
provenance compiler_variant_wrapper_sha256: f3ff855a7f219492ceb4bddb1322caada97020f4465fecbd6f3b9750f5b87c82
provenance cargo_version: cargo 1.97.1 (c980f4866 2026-06-30)
provenance cargo_sha256: 828980723df339d62434390e9fb8ef8831036583343ae2316b7ab5646b5c1953
provenance cargo_proxy_sha256: 4acc9acc76d5079515b46346a485974457b5a79893cfb01112423c89aeb5aa10
provenance monotonic_clock: clock_gettime(CLOCK_MONOTONIC)
provenance monotonic_clock_sha256: 3602256bd0c322a08d05533759ce3cc9d9ea3d4bbc84c619bef860d43267fec9
provenance comparison_runner_sha256: 5a430c8f1600d32e42e7aebaf81fc02d1d99464520445fc6091851995a8e1767
provenance benchmark_mode_selector_sha256: 94664aa372fd929574db50b619e2da0c62ddc4a2eb57fe9980b752e0a85ba2c1
provenance build_metrics_sha256: 61f6d0372a792db592ae504ef09598891c81ec63b7f223df63b10c046c465eab
provenance redb_version: 4.1.0
provenance redb_commit: 6ed1f981ba4deab0b2adbdd7bccb46ec409b2191
provenance redb_lockfile_sha256: 5ed976a13822f0b0852d6c6801e9eed3966d041381eb5359797626fdc02fe18c
provenance baseline_benchmark_sha256: 40bf2eb5690962e64dc3e7b42313d69b857b6ffab154b136c81524e06c0f3756
provenance baseline_benchmark_size_bytes: 59765240
provenance optimized_benchmark_sha256: 49f63153ad01c4d6addb0d7b74b6de0b3e5f66566fbaafdd96757f7e5c4c9253
provenance optimized_benchmark_size_bytes: 59780984
baseline sha256: 40bf2eb5690962e64dc3e7b42313d69b857b6ffab154b136c81524e06c0f3756
optimized sha256: 49f63153ad01c4d6addb0d7b74b6de0b3e5f66566fbaafdd96757f7e5c4c9253

[round 1/7] baseline (custom passes disabled)
[baseline] redb: Bulk loaded 5000000 items in 14032ms
[baseline] redb: Wrote 1000 individual items in 44ms
[baseline] redb: Wrote 100 batches of 1000 items in 1544ms
[baseline] redb: Wrote 50000 individual items in 3435ms, with nosync
[baseline] redb: len() in 0ms
[baseline] redb: Random read 1000000 items in 1698ms
[baseline] redb: Random read 1000000 items in 1712ms
[baseline] redb: Random range read 500000 x 10 elements in 1713ms
[baseline] redb: Random range read 500000 x 10 elements in 1762ms
[baseline] redb: Random read (4 threads) 5151000 items in 2245ms
[baseline] redb: Random read (8 threads) 5151000 items in 1404ms
[baseline] redb: Random read (16 threads) 5151000 items in 1329ms
[baseline] redb: Random read (32 threads) 5151000 items in 1166ms
[baseline] redb: Removed 2575500 items in 9939ms
[baseline] redb: Compacted in 3779ms

[round 1/7] optimized (custom passes enabled)
[optimized] redb: Bulk loaded 5000000 items in 14334ms
[optimized] redb: Wrote 1000 individual items in 45ms
[optimized] redb: Wrote 100 batches of 1000 items in 1636ms
[optimized] redb: Wrote 50000 individual items in 3472ms, with nosync
[optimized] redb: len() in 0ms
[optimized] redb: Random read 1000000 items in 1712ms
[optimized] redb: Random read 1000000 items in 1667ms
[optimized] redb: Random range read 500000 x 10 elements in 1728ms
[optimized] redb: Random range read 500000 x 10 elements in 1669ms
[optimized] redb: Random read (4 threads) 5151000 items in 2094ms
[optimized] redb: Random read (8 threads) 5151000 items in 1160ms
[optimized] redb: Random read (16 threads) 5151000 items in 1187ms
[optimized] redb: Random read (32 threads) 5151000 items in 1177ms
[optimized] redb: Removed 2575500 items in 9807ms
[optimized] redb: Compacted in 3768ms

[round 2/7] optimized (custom passes enabled)
[optimized] redb: Bulk loaded 5000000 items in 14672ms
[optimized] redb: Wrote 1000 individual items in 45ms
[optimized] redb: Wrote 100 batches of 1000 items in 1544ms
[optimized] redb: Wrote 50000 individual items in 3471ms, with nosync
[optimized] redb: len() in 0ms
[optimized] redb: Random read 1000000 items in 1601ms
[optimized] redb: Random read 1000000 items in 1621ms
[optimized] redb: Random range read 500000 x 10 elements in 1662ms
[optimized] redb: Random range read 500000 x 10 elements in 1731ms
[optimized] redb: Random read (4 threads) 5151000 items in 2293ms
[optimized] redb: Random read (8 threads) 5151000 items in 1208ms
[optimized] redb: Random read (16 threads) 5151000 items in 1192ms
[optimized] redb: Random read (32 threads) 5151000 items in 1183ms
[optimized] redb: Removed 2575500 items in 10160ms
[optimized] redb: Compacted in 3763ms

[round 2/7] baseline (custom passes disabled)
[baseline] redb: Bulk loaded 5000000 items in 14118ms
[baseline] redb: Wrote 1000 individual items in 44ms
[baseline] redb: Wrote 100 batches of 1000 items in 1569ms
[baseline] redb: Wrote 50000 individual items in 3428ms, with nosync
[baseline] redb: len() in 0ms
[baseline] redb: Random read 1000000 items in 1732ms
[baseline] redb: Random read 1000000 items in 1747ms
[baseline] redb: Random range read 500000 x 10 elements in 1740ms
[baseline] redb: Random range read 500000 x 10 elements in 1722ms
[baseline] redb: Random read (4 threads) 5151000 items in 2158ms
[baseline] redb: Random read (8 threads) 5151000 items in 1162ms
[baseline] redb: Random read (16 threads) 5151000 items in 1216ms
[baseline] redb: Random read (32 threads) 5151000 items in 1153ms
[baseline] redb: Removed 2575500 items in 9648ms
[baseline] redb: Compacted in 3660ms

[round 3/7] baseline (custom passes disabled)
[baseline] redb: Bulk loaded 5000000 items in 13852ms
[baseline] redb: Wrote 1000 individual items in 44ms
[baseline] redb: Wrote 100 batches of 1000 items in 1506ms
[baseline] redb: Wrote 50000 individual items in 3375ms, with nosync
[baseline] redb: len() in 0ms
[baseline] redb: Random read 1000000 items in 1556ms
[baseline] redb: Random read 1000000 items in 1548ms
[baseline] redb: Random range read 500000 x 10 elements in 1573ms
[baseline] redb: Random range read 500000 x 10 elements in 1596ms
[baseline] redb: Random read (4 threads) 5151000 items in 2011ms
[baseline] redb: Random read (8 threads) 5151000 items in 1149ms
[baseline] redb: Random read (16 threads) 5151000 items in 1178ms
[baseline] redb: Random read (32 threads) 5151000 items in 1154ms
[baseline] redb: Removed 2575500 items in 9510ms
[baseline] redb: Compacted in 3857ms

[round 3/7] optimized (custom passes enabled)
[optimized] redb: Bulk loaded 5000000 items in 13925ms
[optimized] redb: Wrote 1000 individual items in 44ms
[optimized] redb: Wrote 100 batches of 1000 items in 1535ms
[optimized] redb: Wrote 50000 individual items in 3564ms, with nosync
[optimized] redb: len() in 0ms
[optimized] redb: Random read 1000000 items in 1632ms
[optimized] redb: Random read 1000000 items in 1702ms
[optimized] redb: Random range read 500000 x 10 elements in 1679ms
[optimized] redb: Random range read 500000 x 10 elements in 1799ms
[optimized] redb: Random read (4 threads) 5151000 items in 2017ms
[optimized] redb: Random read (8 threads) 5151000 items in 1208ms
[optimized] redb: Random read (16 threads) 5151000 items in 1186ms
[optimized] redb: Random read (32 threads) 5151000 items in 1164ms
[optimized] redb: Removed 2575500 items in 10138ms
[optimized] redb: Compacted in 4299ms

[round 4/7] optimized (custom passes enabled)
[optimized] redb: Bulk loaded 5000000 items in 15078ms
[optimized] redb: Wrote 1000 individual items in 46ms
[optimized] redb: Wrote 100 batches of 1000 items in 1748ms
[optimized] redb: Wrote 50000 individual items in 3739ms, with nosync
[optimized] redb: len() in 0ms
[optimized] redb: Random read 1000000 items in 1842ms
[optimized] redb: Random read 1000000 items in 1829ms
[optimized] redb: Random range read 500000 x 10 elements in 1756ms
[optimized] redb: Random range read 500000 x 10 elements in 1823ms
[optimized] redb: Random read (4 threads) 5151000 items in 2130ms
[optimized] redb: Random read (8 threads) 5151000 items in 1243ms
[optimized] redb: Random read (16 threads) 5151000 items in 1191ms
[optimized] redb: Random read (32 threads) 5151000 items in 1168ms
[optimized] redb: Removed 2575500 items in 10093ms
[optimized] redb: Compacted in 3789ms

[round 4/7] baseline (custom passes disabled)
[baseline] redb: Bulk loaded 5000000 items in 14754ms
[baseline] redb: Wrote 1000 individual items in 46ms
[baseline] redb: Wrote 100 batches of 1000 items in 1546ms
[baseline] redb: Wrote 50000 individual items in 3438ms, with nosync
[baseline] redb: len() in 0ms
[baseline] redb: Random read 1000000 items in 1657ms
[baseline] redb: Random read 1000000 items in 1682ms
[baseline] redb: Random range read 500000 x 10 elements in 1681ms
[baseline] redb: Random range read 500000 x 10 elements in 1662ms
[baseline] redb: Random read (4 threads) 5151000 items in 2146ms
[baseline] redb: Random read (8 threads) 5151000 items in 1270ms
[baseline] redb: Random read (16 threads) 5151000 items in 1256ms
[baseline] redb: Random read (32 threads) 5151000 items in 1273ms
[baseline] redb: Removed 2575500 items in 9994ms
[baseline] redb: Compacted in 3721ms

[round 5/7] baseline (custom passes disabled)
[baseline] redb: Bulk loaded 5000000 items in 14707ms
[baseline] redb: Wrote 1000 individual items in 45ms
[baseline] redb: Wrote 100 batches of 1000 items in 1628ms
[baseline] redb: Wrote 50000 individual items in 3524ms, with nosync
[baseline] redb: len() in 0ms
[baseline] redb: Random read 1000000 items in 1815ms
[baseline] redb: Random read 1000000 items in 1876ms
[baseline] redb: Random range read 500000 x 10 elements in 1755ms
[baseline] redb: Random range read 500000 x 10 elements in 1726ms
[baseline] redb: Random read (4 threads) 5151000 items in 2176ms
[baseline] redb: Random read (8 threads) 5151000 items in 1202ms
[baseline] redb: Random read (16 threads) 5151000 items in 1233ms
[baseline] redb: Random read (32 threads) 5151000 items in 1203ms
[baseline] redb: Removed 2575500 items in 10257ms
[baseline] redb: Compacted in 3789ms

[round 5/7] optimized (custom passes enabled)
[optimized] redb: Bulk loaded 5000000 items in 13840ms
[optimized] redb: Wrote 1000 individual items in 45ms
[optimized] redb: Wrote 100 batches of 1000 items in 1514ms
[optimized] redb: Wrote 50000 individual items in 3425ms, with nosync
[optimized] redb: len() in 0ms
[optimized] redb: Random read 1000000 items in 1483ms
[optimized] redb: Random read 1000000 items in 1493ms
[optimized] redb: Random range read 500000 x 10 elements in 1547ms
[optimized] redb: Random range read 500000 x 10 elements in 1587ms
[optimized] redb: Random read (4 threads) 5151000 items in 1993ms
[optimized] redb: Random read (8 threads) 5151000 items in 1151ms
[optimized] redb: Random read (16 threads) 5151000 items in 1147ms
[optimized] redb: Random read (32 threads) 5151000 items in 1131ms
[optimized] redb: Removed 2575500 items in 9724ms
[optimized] redb: Compacted in 3824ms

[round 6/7] optimized (custom passes enabled)
[optimized] redb: Bulk loaded 5000000 items in 13382ms
[optimized] redb: Wrote 1000 individual items in 44ms
[optimized] redb: Wrote 100 batches of 1000 items in 1470ms
[optimized] redb: Wrote 50000 individual items in 3457ms, with nosync
[optimized] redb: len() in 0ms
[optimized] redb: Random read 1000000 items in 1555ms
[optimized] redb: Random read 1000000 items in 1595ms
[optimized] redb: Random range read 500000 x 10 elements in 1657ms
[optimized] redb: Random range read 500000 x 10 elements in 1526ms
[optimized] redb: Random read (4 threads) 5151000 items in 1997ms
[optimized] redb: Random read (8 threads) 5151000 items in 1141ms
[optimized] redb: Random read (16 threads) 5151000 items in 1167ms
[optimized] redb: Random read (32 threads) 5151000 items in 1164ms
[optimized] redb: Removed 2575500 items in 9771ms
[optimized] redb: Compacted in 3693ms

[round 6/7] baseline (custom passes disabled)
[baseline] redb: Bulk loaded 5000000 items in 13758ms
[baseline] redb: Wrote 1000 individual items in 44ms
[baseline] redb: Wrote 100 batches of 1000 items in 1487ms
[baseline] redb: Wrote 50000 individual items in 3366ms, with nosync
[baseline] redb: len() in 0ms
[baseline] redb: Random read 1000000 items in 1562ms
[baseline] redb: Random read 1000000 items in 1673ms
[baseline] redb: Random range read 500000 x 10 elements in 1753ms
[baseline] redb: Random range read 500000 x 10 elements in 1638ms
[baseline] redb: Random read (4 threads) 5151000 items in 2251ms
[baseline] redb: Random read (8 threads) 5151000 items in 1512ms
[baseline] redb: Random read (16 threads) 5151000 items in 1252ms
[baseline] redb: Random read (32 threads) 5151000 items in 1189ms
[baseline] redb: Removed 2575500 items in 10569ms
[baseline] redb: Compacted in 3911ms

[round 7/7] baseline (custom passes disabled)
[baseline] redb: Bulk loaded 5000000 items in 14525ms
[baseline] redb: Wrote 1000 individual items in 45ms
[baseline] redb: Wrote 100 batches of 1000 items in 1517ms
[baseline] redb: Wrote 50000 individual items in 3407ms, with nosync
[baseline] redb: len() in 0ms
[baseline] redb: Random read 1000000 items in 1584ms
[baseline] redb: Random read 1000000 items in 1760ms
[baseline] redb: Random range read 500000 x 10 elements in 1743ms
[baseline] redb: Random range read 500000 x 10 elements in 2172ms
[baseline] redb: Random read (4 threads) 5151000 items in 2500ms
[baseline] redb: Random read (8 threads) 5151000 items in 1797ms
[baseline] redb: Random read (16 threads) 5151000 items in 2679ms
[baseline] redb: Random read (32 threads) 5151000 items in 2435ms
[baseline] redb: Removed 2575500 items in 12508ms
[baseline] redb: Compacted in 5030ms

[round 7/7] optimized (custom passes enabled)
[optimized] redb: Bulk loaded 5000000 items in 15425ms
[optimized] redb: Wrote 1000 individual items in 52ms
[optimized] redb: Wrote 100 batches of 1000 items in 1570ms
[optimized] redb: Wrote 50000 individual items in 3449ms, with nosync
[optimized] redb: len() in 0ms
[optimized] redb: Random read 1000000 items in 1771ms
[optimized] redb: Random read 1000000 items in 1868ms
[optimized] redb: Random range read 500000 x 10 elements in 2119ms
[optimized] redb: Random range read 500000 x 10 elements in 2318ms
[optimized] redb: Random read (4 threads) 5151000 items in 3075ms
[optimized] redb: Random read (8 threads) 5151000 items in 1229ms
[optimized] redb: Random read (16 threads) 5151000 items in 1269ms
[optimized] redb: Random read (32 threads) 5151000 items in 1191ms
[optimized] redb: Removed 2575500 items in 10142ms
[optimized] redb: Compacted in 3743ms

round	baseline_s	optimized_s	optimized_speedup_percent
1	52.100	51.735	+0.70%
2	51.528	52.632	-2.10%
3	50.219	52.666	-4.65%
4	52.475	53.806	-2.47%
5	53.366	50.417	+5.85%
6	52.483	49.946	+5.08%
7	62.094	55.716	+11.45%
mean	53.466	52.417	+2.00%

phase	occurrence	baseline_mean_ms	optimized_mean_ms	optimized_speedup_percent
Bulk loaded 5000000 items	1	14249.4	14379.4	-0.90%
Wrote 1000 individual items	1	44.6	45.9	-2.80%
Wrote 100 batches of 1000 items	1	1542.4	1573.9	-2.00%
Wrote 50000 individual items	1	3424.7	3511.0	-2.46%
len()	1	0.0	0.0	+0.00%
Random read 1000000 items	1	1657.7	1656.6	+0.07%
Random read 1000000 items	2	1714.0	1682.1	+1.89%
Random range read 500000 x 10 elements	1	1708.3	1735.4	-1.56%
Random range read 500000 x 10 elements	2	1754.0	1779.0	-1.41%
Random read (4 threads) 5151000 items	1	2212.4	2228.4	-0.72%
Random read (8 threads) 5151000 items	1	1356.6	1191.4	+13.86%
Random read (16 threads) 5151000 items	1	1449.0	1191.3	+21.63%
Random read (32 threads) 5151000 items	1	1367.6	1168.3	+17.06%
Removed 2575500 items	1	10346.4	9976.4	+3.71%
Compacted	1	3963.9	3839.9	+3.23%
raw results: /results/total-times.tsv
raw phase results: /results/phases.tsv
